Building DAG of jobs...
Using shell: /bin/bash
Provided cores: 2
Rules claiming more threads will be scaled down.
Job stats:
job           count    min threads    max threads
----------  -------  -------------  -------------
preprocess        1              1              1
total             1              1              1


[Thu Jul  8 12:56:03 2021]
rule preprocess:
    input: /home/gandalf/MIA/data/angio/pre_train.csv, /home/gandalf/MIA/data/angio/pre_val.csv, /home/gandalf/MIA/data/angio
    output: /home/gandalf/MIA/data/angio/train.csv, /home/gandalf/MIA/data/angio/val.csv, /home/gandalf/MIA/data/angio/minc_file_path
    jobid: 0
    resources: tmpdir=/tmp

Skipped removing non-empty directory /home/gandalf/MIA/data/angio/minc_file_path
ImproperOutputException in line 47 of /home/gandalf/MIA/scripts/angiography_classifier/Snakefile:
Outputs of incorrect type (directories when expecting files or vice versa). Output directories must be flagged with directory(). for rule preprocess:
/home/gandalf/MIA/data/angio/minc_file_path
Removing output files of failed job preprocess since they might be corrupted:
/home/gandalf/MIA/data/angio/train.csv, /home/gandalf/MIA/data/angio/val.csv, /home/gandalf/MIA/data/angio/minc_file_path
Skipped removing non-empty directory /home/gandalf/MIA/data/angio/minc_file_path
Shutting down, this might take some time.
Exiting because a job execution failed. Look above for error message
Complete log: /home/gandalf/MIA/scripts/angiography_classifier/.snakemake/log/2021-07-08T125603.032889.snakemake.log
