Building DAG of jobs...
Using shell: /bin/bash
Provided cores: 1 (use --cores to define parallelism)
Rules claiming more threads will be scaled down.
Job stats:
job            count    min threads    max threads
-----------  -------  -------------  -------------
all                1              1              1
test_model         1              1              1
train_model        1              1              1
total              3              1              1


[Tue Jul 13 10:01:14 2021]
rule train_model:
    input: /home/gandalf/MIA/data/angio/minc_file_path, /home/gandalf/MIA/data/angio/train.csv, /home/gandalf/MIA/data/angio/minc_file_path, /home/gandalf/MIA/data/angio/val.csv
    output: runs/0b6b3eef-42e3-4fa2-b75b-accea4486514.log
    jobid: 2
    resources: tmpdir=/tmp

[Tue Jul 13 10:01:54 2021]
Finished job 2.
1 of 3 steps (33%) done

[Tue Jul 13 10:01:54 2021]
rule test_model:
    input: /home/gandalf/MIA/data/angio/minc_file_path, /home/gandalf/MIA/data/angio/val.csv, runs/0b6b3eef-42e3-4fa2-b75b-accea4486514.log
    output: runs/c1b24266-407c-4963-bd6b-9cf554f5fc7a.log
    jobid: 3
    resources: tmpdir=/tmp

[Tue Jul 13 10:01:57 2021]
Finished job 3.
2 of 3 steps (67%) done

[Tue Jul 13 10:01:57 2021]
localrule all:
    input: /home/gandalf/MIA/data/angio/train.csv, /home/gandalf/MIA/data/angio/val.csv, /home/gandalf/MIA/data/angio/minc_file_path, runs/0b6b3eef-42e3-4fa2-b75b-accea4486514.log, runs/c1b24266-407c-4963-bd6b-9cf554f5fc7a.log
    jobid: 0
    resources: tmpdir=/tmp

Removing temporary output file runs/0b6b3eef-42e3-4fa2-b75b-accea4486514.log.
Removing temporary output file runs/c1b24266-407c-4963-bd6b-9cf554f5fc7a.log.
[Tue Jul 13 10:01:57 2021]
Finished job 0.
3 of 3 steps (100%) done
Complete log: /home/gandalf/MIA/scripts/angiography_classifier/.snakemake/log/2021-07-13T100114.475452.snakemake.log
