Building DAG of jobs...
Using shell: /bin/bash
Provided cores: 2
Rules claiming more threads will be scaled down.
Job stats:
job            count    min threads    max threads
-----------  -------  -------------  -------------
all                1              1              1
test_model         1              1              1
train_model        1              1              1
total              3              1              1


[Tue Jul 13 09:18:07 2021]
rule train_model:
    input: /home/gandalf/MIA/data/angio/minc_file_path, /home/gandalf/MIA/data/angio/train.csv, /home/gandalf/MIA/data/angio/minc_file_path, /home/gandalf/MIA/data/angio/val.csv
    output: runs/7199b634-6099-44d5-ae50-b865fed8e456.log
    jobid: 2
    resources: tmpdir=/tmp

[Tue Jul 13 09:18:35 2021]
Finished job 2.
1 of 3 steps (33%) done

[Tue Jul 13 09:18:35 2021]
rule test_model:
    input: /home/gandalf/MIA/data/angio/minc_file_path, /home/gandalf/MIA/data/angio/val.csv, runs/7199b634-6099-44d5-ae50-b865fed8e456.log
    output: runs/8c73a221-5dd6-4b4f-9605-104976ecadc4.log
    jobid: 3
    resources: tmpdir=/tmp

[Tue Jul 13 09:18:38 2021]
Finished job 3.
2 of 3 steps (67%) done

[Tue Jul 13 09:18:38 2021]
localrule all:
    input: /home/gandalf/MIA/data/angio/train.csv, /home/gandalf/MIA/data/angio/val.csv, /home/gandalf/MIA/data/angio/minc_file_path, runs/7199b634-6099-44d5-ae50-b865fed8e456.log, runs/8c73a221-5dd6-4b4f-9605-104976ecadc4.log
    jobid: 0
    resources: tmpdir=/tmp

Removing temporary output file runs/7199b634-6099-44d5-ae50-b865fed8e456.log.
Removing temporary output file runs/8c73a221-5dd6-4b4f-9605-104976ecadc4.log.
[Tue Jul 13 09:18:38 2021]
Finished job 0.
3 of 3 steps (100%) done
Complete log: /home/gandalf/MIA/scripts/angiography_classifier/.snakemake/log/2021-07-13T091807.816142.snakemake.log
