Building DAG of jobs...
Using shell: /bin/bash
Provided cores: 4
Rules claiming more threads will be scaled down.
Job stats:
job            count    min threads    max threads
-----------  -------  -------------  -------------
all                1              1              1
preprocess         1              1              1
test_model         1              1              1
train_model        1              1              1
total              4              1              1


[Tue Jul 13 13:09:11 2021]
rule preprocess:
    input: /home/gandalf/MIA/data/angio/pre_train.csv, /home/gandalf/MIA/data/angio/pre_train.csv, /home/gandalf/MIA/data/angio/pre_val.csv, /home/gandalf/MIA/data/angio/pre_val.csv, /home/gandalf/MIA/data/angio
    output: /home/gandalf/MIA/data/angio/train.csv, /home/gandalf/MIA/data/angio/val.csv, /home/gandalf/MIA/data/angio/minc_file_path
    jobid: 1
    resources: tmpdir=/tmp

[Tue Jul 13 13:09:14 2021]
Finished job 1.
1 of 4 steps (25%) done

[Tue Jul 13 13:09:14 2021]
rule train_model:
    input: /home/gandalf/MIA/data/angio/minc_file_path, /home/gandalf/MIA/data/angio/train.csv, /home/gandalf/MIA/data/angio/minc_file_path, /home/gandalf/MIA/data/angio/val.csv
    output: runs/56ff74f0-cbb0-418b-bd9c-94f78aebf164.log
    jobid: 2
    resources: tmpdir=/tmp

[Tue Jul 13 13:09:56 2021]
Finished job 2.
2 of 4 steps (50%) done

[Tue Jul 13 13:09:56 2021]
rule test_model:
    input: /home/gandalf/MIA/data/angio/minc_file_path, /home/gandalf/MIA/data/angio/val.csv, runs/56ff74f0-cbb0-418b-bd9c-94f78aebf164.log
    output: runs/1db70cf6-b86e-4795-87c6-43912da0a750.log
    jobid: 3
    resources: tmpdir=/tmp

[Tue Jul 13 13:09:59 2021]
Finished job 3.
3 of 4 steps (75%) done

[Tue Jul 13 13:09:59 2021]
localrule all:
    input: /home/gandalf/MIA/data/angio/train.csv, /home/gandalf/MIA/data/angio/val.csv, /home/gandalf/MIA/data/angio/minc_file_path, runs/56ff74f0-cbb0-418b-bd9c-94f78aebf164.log, runs/1db70cf6-b86e-4795-87c6-43912da0a750.log
    jobid: 0
    resources: tmpdir=/tmp

Removing temporary output file runs/56ff74f0-cbb0-418b-bd9c-94f78aebf164.log.
Removing temporary output file runs/1db70cf6-b86e-4795-87c6-43912da0a750.log.
[Tue Jul 13 13:09:59 2021]
Finished job 0.
4 of 4 steps (100%) done
Complete log: /home/gandalf/MIA/scripts/angiography_classifier/.snakemake/log/2021-07-13T130910.930643.snakemake.log
