Building DAG of jobs...
Using shell: /bin/bash
Provided cores: 2
Rules claiming more threads will be scaled down.
Job stats:
job            count    min threads    max threads
-----------  -------  -------------  -------------
train_model        1              1              1
total              1              1              1


[Thu Jul  8 14:07:33 2021]
rule train_model:
    input: /home/gandalf/MIA/data/angio/minc_file_path, /home/gandalf/MIA/data/angio/train.csv, /home/gandalf/MIA/data/angio/minc_file_path, /home/gandalf/MIA/data/angio/val.csv
    output: logfile.log
    jobid: 0
    resources: tmpdir=/tmp

Removing temporary output file logfile.log.
[Thu Jul  8 14:07:44 2021]
Finished job 0.
1 of 1 steps (100%) done
Complete log: /home/gandalf/MIA/scripts/angiography_classifier/.snakemake/log/2021-07-08T140733.676849.snakemake.log
