Building DAG of jobs...
Using shell: /bin/bash
Provided cores: 2
Rules claiming more threads will be scaled down.
Job stats:
job            count    min threads    max threads
-----------  -------  -------------  -------------
all                1              1              1
preprocess         1              1              1
train_model        1              1              1
total              3              1              1


[Thu Jul  8 14:10:16 2021]
rule preprocess:
    input: /home/gandalf/MIA/data/angio/pre_train.csv, /home/gandalf/MIA/data/angio/pre_val.csv, /home/gandalf/MIA/data/angio
    output: /home/gandalf/MIA/data/angio/train.csv, /home/gandalf/MIA/data/angio/val.csv, /home/gandalf/MIA/data/angio/minc_file_path
    jobid: 1
    resources: tmpdir=/tmp

[Thu Jul  8 14:10:18 2021]
Finished job 1.
1 of 3 steps (33%) done

[Thu Jul  8 14:10:18 2021]
rule train_model:
    input: /home/gandalf/MIA/data/angio/minc_file_path, /home/gandalf/MIA/data/angio/train.csv, /home/gandalf/MIA/data/angio/minc_file_path, /home/gandalf/MIA/data/angio/val.csv
    output: logfile.log
    jobid: 2
    resources: tmpdir=/tmp

[Thu Jul  8 14:10:29 2021]
Finished job 2.
2 of 3 steps (67%) done

[Thu Jul  8 14:10:29 2021]
localrule all:
    input: /home/gandalf/MIA/data/angio/train.csv, /home/gandalf/MIA/data/angio/val.csv, /home/gandalf/MIA/data/angio/minc_file_path, logfile.log
    jobid: 0
    resources: tmpdir=/tmp

Removing temporary output file logfile.log.
[Thu Jul  8 14:10:29 2021]
Finished job 0.
3 of 3 steps (100%) done
Complete log: /home/gandalf/MIA/scripts/angiography_classifier/.snakemake/log/2021-07-08T141016.512691.snakemake.log
