Building DAG of jobs...
Using shell: /bin/bash
Provided cores: 4
Rules claiming more threads will be scaled down.
Job stats:
job            count    min threads    max threads
-----------  -------  -------------  -------------
all                1              1              1
test_model         1              1              1
train_model        1              1              1
total              3              1              1


[Tue Jul 13 10:03:25 2021]
rule train_model:
    input: /home/gandalf/MIA/data/angio/minc_file_path, /home/gandalf/MIA/data/angio/train.csv, /home/gandalf/MIA/data/angio/minc_file_path, /home/gandalf/MIA/data/angio/val.csv
    output: runs/a4dddb18-6ef3-46f9-9a06-7cd8124294f7.log
    jobid: 2
    resources: tmpdir=/tmp

[Tue Jul 13 10:03:52 2021]
Finished job 2.
1 of 3 steps (33%) done

[Tue Jul 13 10:03:52 2021]
rule test_model:
    input: /home/gandalf/MIA/data/angio/minc_file_path, /home/gandalf/MIA/data/angio/val.csv, runs/a4dddb18-6ef3-46f9-9a06-7cd8124294f7.log
    output: runs/dafd9bb5-76e4-446a-9ea1-9bafecd0dab1.log
    jobid: 3
    resources: tmpdir=/tmp

[Tue Jul 13 10:03:54 2021]
Finished job 3.
2 of 3 steps (67%) done

[Tue Jul 13 10:03:54 2021]
localrule all:
    input: /home/gandalf/MIA/data/angio/train.csv, /home/gandalf/MIA/data/angio/val.csv, /home/gandalf/MIA/data/angio/minc_file_path, runs/a4dddb18-6ef3-46f9-9a06-7cd8124294f7.log, runs/dafd9bb5-76e4-446a-9ea1-9bafecd0dab1.log
    jobid: 0
    resources: tmpdir=/tmp

Removing temporary output file runs/a4dddb18-6ef3-46f9-9a06-7cd8124294f7.log.
Removing temporary output file runs/dafd9bb5-76e4-446a-9ea1-9bafecd0dab1.log.
[Tue Jul 13 10:03:54 2021]
Finished job 0.
3 of 3 steps (100%) done
Complete log: /home/gandalf/MIA/scripts/angiography_classifier/.snakemake/log/2021-07-13T100325.320945.snakemake.log
