Building DAG of jobs...
Using shell: /bin/bash
Provided cores: 1 (use --cores to define parallelism)
Rules claiming more threads will be scaled down.
Job stats:
job            count    min threads    max threads
-----------  -------  -------------  -------------
all                1              1              1
test_model         1              1              1
train_model        1              1              1
total              3              1              1


[Tue Jul 13 10:00:02 2021]
rule train_model:
    input: /home/gandalf/MIA/data/angio/minc_file_path, /home/gandalf/MIA/data/angio/train.csv, /home/gandalf/MIA/data/angio/minc_file_path, /home/gandalf/MIA/data/angio/val.csv
    output: runs/44e994c7-9e9d-405a-9784-db00a109378a.log
    jobid: 2
    resources: tmpdir=/tmp

[Tue Jul 13 10:00:43 2021]
Finished job 2.
1 of 3 steps (33%) done

[Tue Jul 13 10:00:43 2021]
rule test_model:
    input: /home/gandalf/MIA/data/angio/minc_file_path, /home/gandalf/MIA/data/angio/val.csv, runs/44e994c7-9e9d-405a-9784-db00a109378a.log
    output: runs/673faa39-b24f-492d-b7e6-91749f211297.log
    jobid: 3
    resources: tmpdir=/tmp

RuleException in line 99 of /home/gandalf/MIA/scripts/angiography_classifier/Snakefile:
'Params' object has no attribute 'num_workers'
