Building DAG of jobs...
Using shell: /bin/bash
Provided cores: 2
Rules claiming more threads will be scaled down.
Job stats:
job        count    min threads    max threads
-------  -------  -------------  -------------
all            1              1              1
copy_db        1              1              1
total          2              1              1


[Mon Sep 20 11:48:00 2021]
rule copy_db:
    input: /home/gandalf/MIA/data/angio/databaseAngio.db
    output: /home/gandalf/angiography_data/runs/Sep20_11-48-00_gandalf-MS-7845test, /home/gandalf/angiography_data/runs/Sep20_11-48-00_gandalf-MS-7845test/DBInput.db, /home/gandalf/angiography_data/runs/Sep20_11-48-00_gandalf-MS-7845test/DBInput_val.db, /home/gandalf/angiography_data/runs/Sep20_11-48-00_gandalf-MS-7845test/DBInput_test.db
    jobid: 1
    resources: tmpdir=/tmp

[Mon Sep 20 11:48:00 2021]
Finished job 1.
1 of 2 steps (50%) done

[Mon Sep 20 11:48:00 2021]
localrule all:
    input: /home/gandalf/angiography_data/runs/Sep20_11-48-00_gandalf-MS-7845test/DBInput.db, /home/gandalf/angiography_data/runs/Sep20_11-48-00_gandalf-MS-7845test/DBInput_val.db, /home/gandalf/angiography_data/runs/Sep20_11-48-00_gandalf-MS-7845test/DBInput_test.db
    jobid: 0
    resources: tmpdir=/tmp

[Mon Sep 20 11:48:00 2021]
Finished job 0.
2 of 2 steps (100%) done
Complete log: /home/gandalf/MIA/scripts/angiography_classifier/.snakemake/log/2021-09-20T114800.610168.snakemake.log
