The flag 'temp' used in rule train_model is only valid for outputs, not inputs.
Building DAG of jobs...
Using shell: /bin/bash
Provided cores: 2
Rules claiming more threads will be scaled down.
Job stats:
job                    count    min threads    max threads
-------------------  -------  -------------  -------------
all                        1              1              1
copy_config                1              1              1
copy_db                    1              1              1
eval_model_test_set        1              1              1
eval_model_val_set         1              1              1
train_model                1              1              1
total                      6              1              1


[Mon Sep 20 12:37:21 2021]
rule copy_db:
    input: /home/gandalf/MIA/data/angio/databaseAngio.db
    output: /home/gandalf/angiography_data/runs/Sep20_12-37-21_gandalf-MS-7845test, /home/gandalf/angiography_data/runs/Sep20_12-37-21_gandalf-MS-7845test/DBInput.db, /home/gandalf/angiography_data/runs/Sep20_12-37-21_gandalf-MS-7845test/DBInput_val.db, /home/gandalf/angiography_data/runs/Sep20_12-37-21_gandalf-MS-7845test/DBInput_test.db
    jobid: 1
    resources: tmpdir=/tmp


[Mon Sep 20 12:37:21 2021]
rule copy_config:
    input: ../../configs/classification/_3D/classification_config_angio.yaml
    output: runs/b19a5053-2431-4a3e-9b00-53226bdfc818.yaml
    jobid: 2
    resources: tmpdir=/tmp

[Mon Sep 20 12:37:21 2021]
Finished job 2.
1 of 6 steps (17%) done
[Mon Sep 20 12:37:21 2021]
Finished job 1.
2 of 6 steps (33%) done

[Mon Sep 20 12:37:21 2021]
rule train_model:
    input: /home/gandalf/angiography_data/runs/Sep20_12-37-21_gandalf-MS-7845test/DBInput.db, /home/gandalf/MIA/data/angio, runs/b19a5053-2431-4a3e-9b00-53226bdfc818.yaml, /home/gandalf/angiography_data/runs/Sep20_12-37-21_gandalf-MS-7845test
    output: /home/gandalf/angiography_data/runs/Sep20_12-37-21_gandalf-MS-7845test/model.pt
    jobid: 3
    resources: tmpdir=/tmp

[Mon Sep 20 12:38:58 2021]
Finished job 3.
3 of 6 steps (50%) done

[Mon Sep 20 12:38:58 2021]
rule eval_model_test_set:
    input: /home/gandalf/angiography_data/runs/Sep20_12-37-21_gandalf-MS-7845test/DBInput_test.db, /home/gandalf/MIA/data/angio, /home/gandalf/angiography_data/runs/Sep20_12-37-21_gandalf-MS-7845test, /home/gandalf/angiography_data/runs/Sep20_12-37-21_gandalf-MS-7845test/model.pt
    output: runs/0723ea3f-9602-4b86-92fe-4340a921fcd6.log
    jobid: 5
    resources: tmpdir=/tmp


[Mon Sep 20 12:38:58 2021]
rule eval_model_val_set:
    input: /home/gandalf/angiography_data/runs/Sep20_12-37-21_gandalf-MS-7845test/DBInput_val.db, /home/gandalf/MIA/data/angio, /home/gandalf/angiography_data/runs/Sep20_12-37-21_gandalf-MS-7845test, /home/gandalf/angiography_data/runs/Sep20_12-37-21_gandalf-MS-7845test/model.pt
    output: runs/2e36e11e-c361-45f6-a496-12754461ebc8.log
    jobid: 4
    resources: tmpdir=/tmp

[Mon Sep 20 12:39:01 2021]
Finished job 4.
4 of 6 steps (67%) done
[Mon Sep 20 12:39:01 2021]
Finished job 5.
5 of 6 steps (83%) done

[Mon Sep 20 12:39:01 2021]
localrule all:
    input: /home/gandalf/angiography_data/runs/Sep20_12-37-21_gandalf-MS-7845test/DBInput.db, /home/gandalf/angiography_data/runs/Sep20_12-37-21_gandalf-MS-7845test/DBInput_val.db, /home/gandalf/angiography_data/runs/Sep20_12-37-21_gandalf-MS-7845test/DBInput_test.db, runs/b19a5053-2431-4a3e-9b00-53226bdfc818.yaml, /home/gandalf/angiography_data/runs/Sep20_12-37-21_gandalf-MS-7845test/model.pt, runs/2e36e11e-c361-45f6-a496-12754461ebc8.log, runs/0723ea3f-9602-4b86-92fe-4340a921fcd6.log
    jobid: 0
    resources: tmpdir=/tmp

Removing temporary output file runs/b19a5053-2431-4a3e-9b00-53226bdfc818.yaml.
Removing temporary output file runs/2e36e11e-c361-45f6-a496-12754461ebc8.log.
Removing temporary output file runs/0723ea3f-9602-4b86-92fe-4340a921fcd6.log.
[Mon Sep 20 12:39:01 2021]
Finished job 0.
6 of 6 steps (100%) done
Complete log: /home/gandalf/MIA/scripts/angiography_classifier/.snakemake/log/2021-09-20T123721.830919.snakemake.log
