Building DAG of jobs...
Using shell: /bin/bash
Provided cores: 2
Rules claiming more threads will be scaled down.
Job stats:
job            count    min threads    max threads
-----------  -------  -------------  -------------
all                1              1              1
copy_config        1              1              1
copy_db            1              1              1
total              3              1              1


[Mon Sep 20 11:48:34 2021]
rule copy_db:
    input: /home/gandalf/MIA/data/angio/databaseAngio.db
    output: /home/gandalf/angiography_data/runs/Sep20_11-48-34_gandalf-MS-7845test, /home/gandalf/angiography_data/runs/Sep20_11-48-34_gandalf-MS-7845test/DBInput.db, /home/gandalf/angiography_data/runs/Sep20_11-48-34_gandalf-MS-7845test/DBInput_val.db, /home/gandalf/angiography_data/runs/Sep20_11-48-34_gandalf-MS-7845test/DBInput_test.db
    jobid: 1
    resources: tmpdir=/tmp


[Mon Sep 20 11:48:34 2021]
rule copy_config:
    input: ../../configs/classification/_3D/classification_config_angio.yaml
    output: runs/1e25bbe0-92a4-4b81-b196-f0859ce1dd9f.yaml
    jobid: 2
    resources: tmpdir=/tmp

[Mon Sep 20 11:48:34 2021]
Finished job 2.
1 of 3 steps (33%) done
[Mon Sep 20 11:48:34 2021]
Finished job 1.
2 of 3 steps (67%) done

[Mon Sep 20 11:48:34 2021]
localrule all:
    input: /home/gandalf/angiography_data/runs/Sep20_11-48-34_gandalf-MS-7845test/DBInput.db, /home/gandalf/angiography_data/runs/Sep20_11-48-34_gandalf-MS-7845test/DBInput_val.db, /home/gandalf/angiography_data/runs/Sep20_11-48-34_gandalf-MS-7845test/DBInput_test.db, runs/1e25bbe0-92a4-4b81-b196-f0859ce1dd9f.yaml
    jobid: 0
    resources: tmpdir=/tmp

Removing temporary output file runs/1e25bbe0-92a4-4b81-b196-f0859ce1dd9f.yaml.
[Mon Sep 20 11:48:34 2021]
Finished job 0.
3 of 3 steps (100%) done
Complete log: /home/gandalf/MIA/scripts/angiography_classifier/.snakemake/log/2021-09-20T114834.333280.snakemake.log
