Building DAG of jobs...
Using shell: /bin/bash
Provided cores: 3
Rules claiming more threads will be scaled down.
Job stats:
job            count    min threads    max threads
-----------  -------  -------------  -------------
all                1              1              1
preprocess         1              1              1
test_model         1              1              1
train_model        1              1              1
total              4              1              1


[Mon Aug  2 14:24:04 2021]
rule preprocess:
    input: /home/gandalf/MIA/data/angio/pre_train.csv, /home/gandalf/MIA/data/angio/pre_val.csv
    output: /home/gandalf/MIA/data/angio/train.csv, /home/gandalf/MIA/data/angio/val.csv, /home/gandalf/MIA/data/angio/minc_file_path
    jobid: 1
    resources: tmpdir=/tmp

[Mon Aug  2 14:24:05 2021]
Error in rule preprocess:
    jobid: 1
    output: /home/gandalf/MIA/data/angio/train.csv, /home/gandalf/MIA/data/angio/val.csv, /home/gandalf/MIA/data/angio/minc_file_path
    shell:
        
        python ../../preprocessing/pre_process.py \
        --train_csv_files /home/gandalf/MIA/data/angio/pre_train.csv \
        --val_csv_files /home/gandalf/MIA/data/angio/pre_val.csv \
        --output_train_csv /home/gandalf/MIA/data/angio/train.csv \
        --output_val_csv /home/gandalf/MIA/data/angio/val.csv \
        --output_data_root /home/gandalf/MIA/data/angio/minc_file_path \
        --num_workers 3 
        
        (one of the commands exited with non-zero exit code; note that snakemake uses bash strict mode!)

Shutting down, this might take some time.
Exiting because a job execution failed. Look above for error message
Complete log: /home/gandalf/MIA/scripts/angiography_classifier/.snakemake/log/2021-08-02T142404.004252.snakemake.log
