Building DAG of jobs...
Using shell: /bin/bash
Provided cores: 2
Rules claiming more threads will be scaled down.
Job stats:
job                   count    min threads    max threads
------------------  -------  -------------  -------------
all                       1              1              1
copy_config               1              1              1
copy_table                1              1              1
eval_model_val_set        1              1              1
plot_results_test         1              1              1
plot_results_train        1              1              1
plot_results_val          1              1              1
train_model               1              1              1
total                     8              1              1


[Fri Nov 26 14:19:45 2021]
rule copy_table:
    input: /home/gandalf/MIA/scripts/angiography_classifier/runs/Nov26_14-19-45_gandalf-MS-7845test
    output: runs/cbabc04d-b8d2-46c4-a99d-4b094263bc94.log
    jobid: 1
    resources: tmpdir=/tmp


[Fri Nov 26 14:19:45 2021]
rule copy_config:
    input: ../../configs/classification/_3D/classification_config_angio.yaml
    output: runs/dea575df-c177-4529-a570-f24d59595a62.yaml
    jobid: 2
    resources: tmpdir=/tmp

[Fri Nov 26 14:19:45 2021]
Finished job 2.
1 of 8 steps (12%) done
[Fri Nov 26 14:19:45 2021]
Finished job 1.
2 of 8 steps (25%) done

[Fri Nov 26 14:19:45 2021]
rule train_model:
    input: /home/gandalf/MIA/data/angio, runs/dea575df-c177-4529-a570-f24d59595a62.yaml, /home/gandalf/MIA/scripts/angiography_classifier/runs/Nov26_14-19-45_gandalf-MS-7845test, runs/cbabc04d-b8d2-46c4-a99d-4b094263bc94.log
    output: /home/gandalf/MIA/scripts/angiography_classifier/runs/Nov26_14-19-45_gandalf-MS-7845test/model.pt
    jobid: 3
    resources: tmpdir=/tmp

[Fri Nov 26 14:19:55 2021]
Finished job 3.
3 of 8 steps (38%) done

[Fri Nov 26 14:19:55 2021]
rule eval_model_val_set:
    input: /home/gandalf/MIA/data/angio, /home/gandalf/MIA/scripts/angiography_classifier/runs/Nov26_14-19-45_gandalf-MS-7845test, /home/gandalf/MIA/scripts/angiography_classifier/runs/Nov26_14-19-45_gandalf-MS-7845test/model.pt
    output: runs/20e089fd-0d01-4e18-b37a-43617a11dd29.log
    jobid: 4
    resources: tmpdir=/tmp

[Fri Nov 26 14:20:02 2021]
Finished job 4.
4 of 8 steps (50%) done

[Fri Nov 26 14:20:02 2021]
rule plot_results_train:
    input: runs/20e089fd-0d01-4e18-b37a-43617a11dd29.log, /home/gandalf/MIA/scripts/angiography_classifier/runs/Nov26_14-19-45_gandalf-MS-7845test/plots/train
    output: runs/68359c6d-60f4-4cfd-bae9-45f8f52a2333.log
    jobid: 5
    resources: tmpdir=/tmp


[Fri Nov 26 14:20:02 2021]
rule plot_results_val:
    input: runs/20e089fd-0d01-4e18-b37a-43617a11dd29.log, /home/gandalf/MIA/scripts/angiography_classifier/runs/Nov26_14-19-45_gandalf-MS-7845test/plots/val
    output: runs/510851a7-fdf8-4bb0-9ab0-24b8dcf227d8.log
    jobid: 6
    resources: tmpdir=/tmp

[Fri Nov 26 14:20:02 2021]
Finished job 5.
5 of 8 steps (62%) done

[Fri Nov 26 14:20:02 2021]
rule plot_results_test:
    input: runs/20e089fd-0d01-4e18-b37a-43617a11dd29.log, /home/gandalf/MIA/scripts/angiography_classifier/runs/Nov26_14-19-45_gandalf-MS-7845test/plots/test
    output: runs/2ce4c5c0-d2bd-47e4-afae-dc2432682ebd.log
    jobid: 7
    resources: tmpdir=/tmp

[Fri Nov 26 14:20:02 2021]
Finished job 6.
6 of 8 steps (75%) done
[Fri Nov 26 14:20:02 2021]
Finished job 7.
7 of 8 steps (88%) done

[Fri Nov 26 14:20:02 2021]
localrule all:
    input: runs/cbabc04d-b8d2-46c4-a99d-4b094263bc94.log, runs/dea575df-c177-4529-a570-f24d59595a62.yaml, /home/gandalf/MIA/scripts/angiography_classifier/runs/Nov26_14-19-45_gandalf-MS-7845test/model.pt, runs/20e089fd-0d01-4e18-b37a-43617a11dd29.log, runs/68359c6d-60f4-4cfd-bae9-45f8f52a2333.log, runs/510851a7-fdf8-4bb0-9ab0-24b8dcf227d8.log, runs/2ce4c5c0-d2bd-47e4-afae-dc2432682ebd.log
    jobid: 0
    resources: tmpdir=/tmp

Removing temporary output file runs/cbabc04d-b8d2-46c4-a99d-4b094263bc94.log.
Removing temporary output file runs/dea575df-c177-4529-a570-f24d59595a62.yaml.
Removing temporary output file runs/20e089fd-0d01-4e18-b37a-43617a11dd29.log.
Removing temporary output file runs/68359c6d-60f4-4cfd-bae9-45f8f52a2333.log.
Removing temporary output file runs/510851a7-fdf8-4bb0-9ab0-24b8dcf227d8.log.
Removing temporary output file runs/2ce4c5c0-d2bd-47e4-afae-dc2432682ebd.log.
[Fri Nov 26 14:20:02 2021]
Finished job 0.
8 of 8 steps (100%) done
Complete log: /home/gandalf/MIA/scripts/angiography_classifier/.snakemake/log/2021-11-26T141945.232147.snakemake.log
