Building DAG of jobs...
Using shell: /bin/bash
Provided cores: 3
Rules claiming more threads will be scaled down.
Job stats:
job            count    min threads    max threads
-----------  -------  -------------  -------------
all                1              1              1
test_model         1              1              1
train_model        1              1              1
total              3              1              1


[Mon Aug  2 14:27:03 2021]
rule train_model:
    input: /home/gandalf/MIA/data/angio/minc_file_path, /home/gandalf/MIA/data/angio/train.csv, /home/gandalf/MIA/data/angio/minc_file_path, /home/gandalf/MIA/data/angio/val.csv
    output: runs/069c9e9d-0ab1-449c-88d7-3cba95f3b0c8.log
    jobid: 2
    resources: tmpdir=/tmp

[Mon Aug  2 14:27:28 2021]
Finished job 2.
1 of 3 steps (33%) done

[Mon Aug  2 14:27:28 2021]
rule test_model:
    input: /home/gandalf/MIA/data/angio/minc_file_path, /home/gandalf/MIA/data/angio/val.csv, runs/069c9e9d-0ab1-449c-88d7-3cba95f3b0c8.log
    output: runs/982cc7dc-c6a1-4975-b1e4-fc9fa69132f6.log
    jobid: 3
    resources: tmpdir=/tmp

[Mon Aug  2 14:27:30 2021]
Finished job 3.
2 of 3 steps (67%) done

[Mon Aug  2 14:27:30 2021]
localrule all:
    input: /home/gandalf/MIA/data/angio/train.csv, /home/gandalf/MIA/data/angio/val.csv, /home/gandalf/MIA/data/angio/minc_file_path, runs/069c9e9d-0ab1-449c-88d7-3cba95f3b0c8.log, runs/982cc7dc-c6a1-4975-b1e4-fc9fa69132f6.log
    jobid: 0
    resources: tmpdir=/tmp

Removing temporary output file runs/069c9e9d-0ab1-449c-88d7-3cba95f3b0c8.log.
Removing temporary output file runs/982cc7dc-c6a1-4975-b1e4-fc9fa69132f6.log.
[Mon Aug  2 14:27:30 2021]
Finished job 0.
3 of 3 steps (100%) done
Complete log: /home/gandalf/MIA/scripts/angiography_classifier/.snakemake/log/2021-08-02T142703.539534.snakemake.log
