Building DAG of jobs...
Using shell: /bin/bash
Provided cores: 2
Rules claiming more threads will be scaled down.
Job stats:
job                   count    min threads    max threads
------------------  -------  -------------  -------------
all                       1              1              1
copy_config               1              1              1
copy_table                1              1              1
eval_model_val_set        1              1              1
plot_results_test         1              1              1
plot_results_train        1              1              1
plot_results_val          1              1              1
train_model               1              1              1
total                     8              1              1


[Fri Nov 26 15:21:33 2021]
rule copy_table:
    input: /home/gandalf/MIA/scripts/angiography_classifier/runs/Nov26_15-21-33_gandalf-MS-7845test
    output: runs/acf4cdb2-01b9-47fc-bb74-54c019b6bebe.log
    jobid: 1
    resources: tmpdir=/tmp


[Fri Nov 26 15:21:33 2021]
rule copy_config:
    input: ../../configs/classification/_3D/classification_config_angio.yaml
    output: runs/31722214-c917-4fb7-ada5-b73a5e1ca5c9.yaml
    jobid: 2
    resources: tmpdir=/tmp

[Fri Nov 26 15:21:33 2021]
Finished job 2.
1 of 8 steps (12%) done
[Fri Nov 26 15:21:33 2021]
Finished job 1.
2 of 8 steps (25%) done

[Fri Nov 26 15:21:33 2021]
rule train_model:
    input: /home/gandalf/MIA/data/angio, runs/31722214-c917-4fb7-ada5-b73a5e1ca5c9.yaml, /home/gandalf/MIA/scripts/angiography_classifier/runs/Nov26_15-21-33_gandalf-MS-7845test, runs/acf4cdb2-01b9-47fc-bb74-54c019b6bebe.log
    output: /home/gandalf/MIA/scripts/angiography_classifier/runs/Nov26_15-21-33_gandalf-MS-7845test/model.pt
    jobid: 3
    resources: tmpdir=/tmp

[Fri Nov 26 15:21:43 2021]
Finished job 3.
3 of 8 steps (38%) done

[Fri Nov 26 15:21:43 2021]
rule eval_model_val_set:
    input: /home/gandalf/MIA/data/angio, /home/gandalf/MIA/scripts/angiography_classifier/runs/Nov26_15-21-33_gandalf-MS-7845test, /home/gandalf/MIA/scripts/angiography_classifier/runs/Nov26_15-21-33_gandalf-MS-7845test/model.pt
    output: runs/9e4e51e5-bcf3-4f0a-a2ff-c5776527ccd5.log
    jobid: 4
    resources: tmpdir=/tmp

[Fri Nov 26 15:21:50 2021]
Finished job 4.
4 of 8 steps (50%) done

[Fri Nov 26 15:21:50 2021]
rule plot_results_train:
    input: runs/9e4e51e5-bcf3-4f0a-a2ff-c5776527ccd5.log, /home/gandalf/MIA/scripts/angiography_classifier/runs/Nov26_15-21-33_gandalf-MS-7845test/plots/train
    output: runs/972060e0-ff04-4303-9412-2ea279fdc900.log
    jobid: 5
    resources: tmpdir=/tmp


[Fri Nov 26 15:21:50 2021]
rule plot_results_val:
    input: runs/9e4e51e5-bcf3-4f0a-a2ff-c5776527ccd5.log, /home/gandalf/MIA/scripts/angiography_classifier/runs/Nov26_15-21-33_gandalf-MS-7845test/plots/val
    output: runs/5880f1be-2bee-441e-930a-037ac7a64306.log
    jobid: 6
    resources: tmpdir=/tmp

[Fri Nov 26 15:21:52 2021]
Finished job 6.
5 of 8 steps (62%) done

[Fri Nov 26 15:21:52 2021]
rule plot_results_test:
    input: runs/9e4e51e5-bcf3-4f0a-a2ff-c5776527ccd5.log, /home/gandalf/MIA/scripts/angiography_classifier/runs/Nov26_15-21-33_gandalf-MS-7845test/plots/test
    output: runs/a5dd1ff6-4dbb-461d-bdf5-0e506b696c4d.log
    jobid: 7
    resources: tmpdir=/tmp

[Fri Nov 26 15:21:52 2021]
Finished job 5.
6 of 8 steps (75%) done
[Fri Nov 26 15:21:53 2021]
Finished job 7.
7 of 8 steps (88%) done

[Fri Nov 26 15:21:53 2021]
localrule all:
    input: runs/acf4cdb2-01b9-47fc-bb74-54c019b6bebe.log, runs/31722214-c917-4fb7-ada5-b73a5e1ca5c9.yaml, /home/gandalf/MIA/scripts/angiography_classifier/runs/Nov26_15-21-33_gandalf-MS-7845test/model.pt, runs/9e4e51e5-bcf3-4f0a-a2ff-c5776527ccd5.log, runs/972060e0-ff04-4303-9412-2ea279fdc900.log, runs/5880f1be-2bee-441e-930a-037ac7a64306.log, runs/a5dd1ff6-4dbb-461d-bdf5-0e506b696c4d.log
    jobid: 0
    resources: tmpdir=/tmp

Removing temporary output file runs/acf4cdb2-01b9-47fc-bb74-54c019b6bebe.log.
Removing temporary output file runs/31722214-c917-4fb7-ada5-b73a5e1ca5c9.yaml.
Removing temporary output file runs/9e4e51e5-bcf3-4f0a-a2ff-c5776527ccd5.log.
Removing temporary output file runs/972060e0-ff04-4303-9412-2ea279fdc900.log.
Removing temporary output file runs/5880f1be-2bee-441e-930a-037ac7a64306.log.
Removing temporary output file runs/a5dd1ff6-4dbb-461d-bdf5-0e506b696c4d.log.
[Fri Nov 26 15:21:53 2021]
Finished job 0.
8 of 8 steps (100%) done
Complete log: /home/gandalf/MIA/scripts/angiography_classifier/.snakemake/log/2021-11-26T152133.480223.snakemake.log
