Building DAG of jobs...
Using shell: /bin/bash
Provided cores: 3
Rules claiming more threads will be scaled down.
Job stats:
job            count    min threads    max threads
-----------  -------  -------------  -------------
all                1              1              1
test_model         1              1              1
train_model        1              1              1
total              3              1              1


[Mon Aug  2 14:29:30 2021]
rule train_model:
    input: /home/gandalf/MIA/data/angio/minc_file_path, /home/gandalf/MIA/data/angio/train.csv, /home/gandalf/MIA/data/angio/minc_file_path, /home/gandalf/MIA/data/angio/val.csv
    output: runs/a7157658-0072-4b46-86c2-48ef311f26c8.log
    jobid: 2
    resources: tmpdir=/tmp

[Mon Aug  2 14:29:55 2021]
Finished job 2.
1 of 3 steps (33%) done

[Mon Aug  2 14:29:55 2021]
rule test_model:
    input: /home/gandalf/MIA/data/angio/minc_file_path, /home/gandalf/MIA/data/angio/val.csv, runs/a7157658-0072-4b46-86c2-48ef311f26c8.log
    output: runs/539ac3a3-3a20-4842-9606-8e8c49e575c7.log
    jobid: 3
    resources: tmpdir=/tmp

[Mon Aug  2 14:30:01 2021]
Finished job 3.
2 of 3 steps (67%) done

[Mon Aug  2 14:30:01 2021]
localrule all:
    input: /home/gandalf/MIA/data/angio/train.csv, /home/gandalf/MIA/data/angio/val.csv, /home/gandalf/MIA/data/angio/minc_file_path, runs/a7157658-0072-4b46-86c2-48ef311f26c8.log, runs/539ac3a3-3a20-4842-9606-8e8c49e575c7.log
    jobid: 0
    resources: tmpdir=/tmp

Removing temporary output file runs/a7157658-0072-4b46-86c2-48ef311f26c8.log.
Removing temporary output file runs/539ac3a3-3a20-4842-9606-8e8c49e575c7.log.
[Mon Aug  2 14:30:01 2021]
Finished job 0.
3 of 3 steps (100%) done
Complete log: /home/gandalf/MIA/scripts/angiography_classifier/.snakemake/log/2021-08-02T142930.541592.snakemake.log
