Building DAG of jobs...
Using shell: /bin/bash
Provided cores: 2
Rules claiming more threads will be scaled down.
Job stats:
job                   count    min threads    max threads
------------------  -------  -------------  -------------
all                       1              1              1
copy_config               1              1              1
copy_table                1              1              1
eval_model_val_set        1              1              1
plot_results_test         1              1              1
plot_results_train        1              1              1
plot_results_val          1              1              1
train_model               1              1              1
total                     8              1              1


[Fri Nov 26 14:38:02 2021]
rule copy_table:
    input: /home/gandalf/MIA/scripts/angiography_classifier/runs/Nov26_14-38-02_gandalf-MS-7845test
    output: runs/01b8f6df-8701-4993-bbda-21337f5576f6.log
    jobid: 1
    resources: tmpdir=/tmp


[Fri Nov 26 14:38:02 2021]
rule copy_config:
    input: ../../configs/classification/_3D/classification_config_angio.yaml
    output: runs/95a45bca-d842-4e83-ba25-ac7949722d83.yaml
    jobid: 2
    resources: tmpdir=/tmp

[Fri Nov 26 14:38:02 2021]
Finished job 2.
1 of 8 steps (12%) done
[Fri Nov 26 14:38:02 2021]
Finished job 1.
2 of 8 steps (25%) done

[Fri Nov 26 14:38:02 2021]
rule train_model:
    input: /home/gandalf/MIA/data/angio, runs/95a45bca-d842-4e83-ba25-ac7949722d83.yaml, /home/gandalf/MIA/scripts/angiography_classifier/runs/Nov26_14-38-02_gandalf-MS-7845test, runs/01b8f6df-8701-4993-bbda-21337f5576f6.log
    output: /home/gandalf/MIA/scripts/angiography_classifier/runs/Nov26_14-38-02_gandalf-MS-7845test/model.pt
    jobid: 3
    resources: tmpdir=/tmp

[Fri Nov 26 14:38:12 2021]
Finished job 3.
3 of 8 steps (38%) done

[Fri Nov 26 14:38:12 2021]
rule eval_model_val_set:
    input: /home/gandalf/MIA/data/angio, /home/gandalf/MIA/scripts/angiography_classifier/runs/Nov26_14-38-02_gandalf-MS-7845test, /home/gandalf/MIA/scripts/angiography_classifier/runs/Nov26_14-38-02_gandalf-MS-7845test/model.pt
    output: runs/cfd00fa4-4807-421b-ad4d-aa0b37d8a717.log
    jobid: 4
    resources: tmpdir=/tmp

[Fri Nov 26 14:38:19 2021]
Finished job 4.
4 of 8 steps (50%) done

[Fri Nov 26 14:38:19 2021]
rule plot_results_train:
    input: runs/cfd00fa4-4807-421b-ad4d-aa0b37d8a717.log, /home/gandalf/MIA/scripts/angiography_classifier/runs/Nov26_14-38-02_gandalf-MS-7845test/plots/train
    output: runs/1f6b5ea5-7295-4fbc-849f-9dfebbf844e2.log
    jobid: 5
    resources: tmpdir=/tmp


[Fri Nov 26 14:38:19 2021]
rule plot_results_val:
    input: runs/cfd00fa4-4807-421b-ad4d-aa0b37d8a717.log, /home/gandalf/MIA/scripts/angiography_classifier/runs/Nov26_14-38-02_gandalf-MS-7845test/plots/val
    output: runs/300814f4-cf7e-4d01-81b7-2356e975baed.log
    jobid: 6
    resources: tmpdir=/tmp

[Fri Nov 26 14:38:19 2021]
Finished job 5.
5 of 8 steps (62%) done

[Fri Nov 26 14:38:19 2021]
rule plot_results_test:
    input: runs/cfd00fa4-4807-421b-ad4d-aa0b37d8a717.log, /home/gandalf/MIA/scripts/angiography_classifier/runs/Nov26_14-38-02_gandalf-MS-7845test/plots/test
    output: runs/9eb76d87-fc90-4e1b-a6eb-e737160f6579.log
    jobid: 7
    resources: tmpdir=/tmp

[Fri Nov 26 14:38:19 2021]
Finished job 6.
6 of 8 steps (75%) done
[Fri Nov 26 14:38:19 2021]
Finished job 7.
7 of 8 steps (88%) done

[Fri Nov 26 14:38:19 2021]
localrule all:
    input: runs/01b8f6df-8701-4993-bbda-21337f5576f6.log, runs/95a45bca-d842-4e83-ba25-ac7949722d83.yaml, /home/gandalf/MIA/scripts/angiography_classifier/runs/Nov26_14-38-02_gandalf-MS-7845test/model.pt, runs/cfd00fa4-4807-421b-ad4d-aa0b37d8a717.log, runs/1f6b5ea5-7295-4fbc-849f-9dfebbf844e2.log, runs/300814f4-cf7e-4d01-81b7-2356e975baed.log, runs/9eb76d87-fc90-4e1b-a6eb-e737160f6579.log
    jobid: 0
    resources: tmpdir=/tmp

Removing temporary output file runs/01b8f6df-8701-4993-bbda-21337f5576f6.log.
Removing temporary output file runs/95a45bca-d842-4e83-ba25-ac7949722d83.yaml.
Removing temporary output file runs/cfd00fa4-4807-421b-ad4d-aa0b37d8a717.log.
Removing temporary output file runs/1f6b5ea5-7295-4fbc-849f-9dfebbf844e2.log.
Removing temporary output file runs/300814f4-cf7e-4d01-81b7-2356e975baed.log.
Removing temporary output file runs/9eb76d87-fc90-4e1b-a6eb-e737160f6579.log.
[Fri Nov 26 14:38:19 2021]
Finished job 0.
8 of 8 steps (100%) done
Complete log: /home/gandalf/MIA/scripts/angiography_classifier/.snakemake/log/2021-11-26T143802.210714.snakemake.log
