Building DAG of jobs...
Using shell: /bin/bash
Provided cores: 3
Rules claiming more threads will be scaled down.
Job stats:
job            count    min threads    max threads
-----------  -------  -------------  -------------
all                1              1              1
preprocess         1              1              1
test_model         1              1              1
train_model        1              1              1
total              4              1              1


[Mon Aug  2 14:24:27 2021]
rule preprocess:
    input: /home/gandalf/MIA/data/angio/pre_train.csv, /home/gandalf/MIA/data/angio/pre_val.csv
    output: /home/gandalf/MIA/data/angio/train.csv, /home/gandalf/MIA/data/angio/val.csv, /home/gandalf/MIA/data/angio/minc_file_path
    jobid: 1
    resources: tmpdir=/tmp

[Mon Aug  2 14:24:29 2021]
Finished job 1.
1 of 4 steps (25%) done

[Mon Aug  2 14:24:29 2021]
rule train_model:
    input: /home/gandalf/MIA/data/angio/minc_file_path, /home/gandalf/MIA/data/angio/train.csv, /home/gandalf/MIA/data/angio/minc_file_path, /home/gandalf/MIA/data/angio/val.csv
    output: runs/114672b3-fcd4-4f49-b951-f21ffb86ff20.log
    jobid: 2
    resources: tmpdir=/tmp

[Mon Aug  2 14:24:54 2021]
Finished job 2.
2 of 4 steps (50%) done

[Mon Aug  2 14:24:54 2021]
rule test_model:
    input: /home/gandalf/MIA/data/angio/minc_file_path, /home/gandalf/MIA/data/angio/val.csv, runs/114672b3-fcd4-4f49-b951-f21ffb86ff20.log
    output: runs/e189ad16-d96f-4a19-842c-ee8426d20be0.log
    jobid: 3
    resources: tmpdir=/tmp

[Mon Aug  2 14:24:56 2021]
Finished job 3.
3 of 4 steps (75%) done

[Mon Aug  2 14:24:56 2021]
localrule all:
    input: /home/gandalf/MIA/data/angio/train.csv, /home/gandalf/MIA/data/angio/val.csv, /home/gandalf/MIA/data/angio/minc_file_path, runs/114672b3-fcd4-4f49-b951-f21ffb86ff20.log, runs/e189ad16-d96f-4a19-842c-ee8426d20be0.log
    jobid: 0
    resources: tmpdir=/tmp

Removing temporary output file runs/114672b3-fcd4-4f49-b951-f21ffb86ff20.log.
Removing temporary output file runs/e189ad16-d96f-4a19-842c-ee8426d20be0.log.
[Mon Aug  2 14:24:56 2021]
Finished job 0.
4 of 4 steps (100%) done
Complete log: /home/gandalf/MIA/scripts/angiography_classifier/.snakemake/log/2021-08-02T142426.913008.snakemake.log
