Building DAG of jobs...
Using shell: /bin/bash
Provided cores: 2
Rules claiming more threads will be scaled down.
Job stats:
job            count    min threads    max threads
-----------  -------  -------------  -------------
all                1              1              1
copy_config        1              1              1
copy_db            1              1              1
total              3              1              1


[Mon Sep 20 11:33:18 2021]
rule copy_db:
    input: /home/gandalf/MIA/data/angio/databaseAngio.db
    output: /home/gandalf/angiography_data/runs/Sep20_11-33-18_gandalf-MS-7845test/DBInput.db, /home/gandalf/angiography_data/runs/Sep20_11-33-18_gandalf-MS-7845test/DBInput_val.db, /home/gandalf/angiography_data/runs/Sep20_11-33-18_gandalf-MS-7845test/DBInput_test.db
    jobid: 1
    resources: tmpdir=/tmp


[Mon Sep 20 11:33:18 2021]
rule copy_config:
    input: ../../configs/classification/_3D/classification_config_angio.yaml
    output: runs/a61243bf-ca63-4eeb-aad6-3951dc20dba0.yaml
    jobid: 2
    resources: tmpdir=/tmp

[Mon Sep 20 11:33:18 2021]
Finished job 2.
1 of 3 steps (33%) done
[Mon Sep 20 11:33:18 2021]
Error in rule copy_db:
    jobid: 1
    output: /home/gandalf/angiography_data/runs/Sep20_11-33-18_gandalf-MS-7845test/DBInput.db, /home/gandalf/angiography_data/runs/Sep20_11-33-18_gandalf-MS-7845test/DBInput_val.db, /home/gandalf/angiography_data/runs/Sep20_11-33-18_gandalf-MS-7845test/DBInput_test.db
    shell:
        
        mkdir -p /home/gandalf/angiography_data/runs/Sep20_11-33-18_gandalf-MS-7845test/DBInput.db \
        ; cp /home/gandalf/MIA/data/angio/databaseAngio.db /home/gandalf/angiography_data/runs/Sep20_11-33-18_gandalf-MS-7845test/DBInput.db \
        ; cp /home/gandalf/MIA/data/angio/databaseAngio.db /home/gandalf/angiography_data/runs/Sep20_11-33-18_gandalf-MS-7845test/DBInput_val.db \
        ; cp /home/gandalf/MIA/data/angio/databaseAngio.db /home/gandalf/angiography_data/runs/Sep20_11-33-18_gandalf-MS-7845test/DBInput_test.db \
        
        (one of the commands exited with non-zero exit code; note that snakemake uses bash strict mode!)

Removing output files of failed job copy_db since they might be corrupted:
/home/gandalf/angiography_data/runs/Sep20_11-33-18_gandalf-MS-7845test/DBInput.db, /home/gandalf/angiography_data/runs/Sep20_11-33-18_gandalf-MS-7845test/DBInput_val.db
Skipped removing non-empty directory /home/gandalf/angiography_data/runs/Sep20_11-33-18_gandalf-MS-7845test/DBInput.db
Shutting down, this might take some time.
Exiting because a job execution failed. Look above for error message
Complete log: /home/gandalf/MIA/scripts/angiography_classifier/.snakemake/log/2021-09-20T113317.987489.snakemake.log
