The flag 'temp' used in rule train_model is only valid for outputs, not inputs.
Building DAG of jobs...
Using shell: /bin/bash
Provided cores: 2
Rules claiming more threads will be scaled down.
Job stats:
job                    count    min threads    max threads
-------------------  -------  -------------  -------------
all                        1              1              1
copy_config                1              1              1
copy_db                    1              1              1
eval_model_test_set        1              1              1
eval_model_val_set         1              1              1
train_model                1              1              1
total                      6              1              1


[Mon Sep 20 12:54:33 2021]
rule copy_db:
    input: /home/gandalf/MIA/data/angio/databaseAngio.db
    output: /home/gandalf/angiography_data/runs/Sep20_12-54-33_gandalf-MS-7845test, /home/gandalf/angiography_data/runs/Sep20_12-54-33_gandalf-MS-7845test/DBInput.db, /home/gandalf/angiography_data/runs/Sep20_12-54-33_gandalf-MS-7845test/DBInput_val.db, /home/gandalf/angiography_data/runs/Sep20_12-54-33_gandalf-MS-7845test/DBInput_test.db
    jobid: 1
    resources: tmpdir=/tmp


[Mon Sep 20 12:54:33 2021]
rule copy_config:
    input: ../../configs/classification/_3D/classification_config_angio.yaml
    output: runs/818312dd-264f-4873-8817-5e8b06270f4c.yaml
    jobid: 2
    resources: tmpdir=/tmp

[Mon Sep 20 12:54:33 2021]
Finished job 1.
1 of 6 steps (17%) done
[Mon Sep 20 12:54:33 2021]
Finished job 2.
2 of 6 steps (33%) done

[Mon Sep 20 12:54:33 2021]
rule train_model:
    input: /home/gandalf/angiography_data/runs/Sep20_12-54-33_gandalf-MS-7845test/DBInput.db, /home/gandalf/MIA/data/angio, runs/818312dd-264f-4873-8817-5e8b06270f4c.yaml, /home/gandalf/angiography_data/runs/Sep20_12-54-33_gandalf-MS-7845test
    output: /home/gandalf/angiography_data/runs/Sep20_12-54-33_gandalf-MS-7845test/model.pt
    jobid: 3
    resources: tmpdir=/tmp

[Mon Sep 20 12:56:11 2021]
Finished job 3.
3 of 6 steps (50%) done

[Mon Sep 20 12:56:11 2021]
rule eval_model_test_set:
    input: /home/gandalf/angiography_data/runs/Sep20_12-54-33_gandalf-MS-7845test/DBInput_test.db, /home/gandalf/MIA/data/angio, /home/gandalf/angiography_data/runs/Sep20_12-54-33_gandalf-MS-7845test, /home/gandalf/angiography_data/runs/Sep20_12-54-33_gandalf-MS-7845test/model.pt
    output: runs/b11ec772-f660-418b-8afa-d5c9df084871.log
    jobid: 5
    resources: tmpdir=/tmp


[Mon Sep 20 12:56:11 2021]
rule eval_model_val_set:
    input: /home/gandalf/angiography_data/runs/Sep20_12-54-33_gandalf-MS-7845test/DBInput_val.db, /home/gandalf/MIA/data/angio, /home/gandalf/angiography_data/runs/Sep20_12-54-33_gandalf-MS-7845test, /home/gandalf/angiography_data/runs/Sep20_12-54-33_gandalf-MS-7845test/model.pt
    output: runs/32a6f8e8-815a-47ad-a5a7-97ce26745b3d.log
    jobid: 4
    resources: tmpdir=/tmp

[Mon Sep 20 12:56:23 2021]
Finished job 4.
4 of 6 steps (67%) done
[Mon Sep 20 12:56:47 2021]
Finished job 5.
5 of 6 steps (83%) done

[Mon Sep 20 12:56:47 2021]
localrule all:
    input: /home/gandalf/angiography_data/runs/Sep20_12-54-33_gandalf-MS-7845test/DBInput.db, /home/gandalf/angiography_data/runs/Sep20_12-54-33_gandalf-MS-7845test/DBInput_val.db, /home/gandalf/angiography_data/runs/Sep20_12-54-33_gandalf-MS-7845test/DBInput_test.db, runs/818312dd-264f-4873-8817-5e8b06270f4c.yaml, /home/gandalf/angiography_data/runs/Sep20_12-54-33_gandalf-MS-7845test/model.pt, runs/32a6f8e8-815a-47ad-a5a7-97ce26745b3d.log, runs/b11ec772-f660-418b-8afa-d5c9df084871.log
    jobid: 0
    resources: tmpdir=/tmp

Removing temporary output file runs/818312dd-264f-4873-8817-5e8b06270f4c.yaml.
Removing temporary output file runs/32a6f8e8-815a-47ad-a5a7-97ce26745b3d.log.
Removing temporary output file runs/b11ec772-f660-418b-8afa-d5c9df084871.log.
[Mon Sep 20 12:56:47 2021]
Finished job 0.
6 of 6 steps (100%) done
Complete log: /home/gandalf/MIA/scripts/angiography_classifier/.snakemake/log/2021-09-20T125433.341577.snakemake.log
