Building DAG of jobs...
Using shell: /bin/bash
Provided cores: 2
Rules claiming more threads will be scaled down.
Job stats:
job        count    min threads    max threads
-------  -------  -------------  -------------
all            1              1              1
copy_db        1              1              1
total          2              1              1


[Mon Sep 20 11:47:17 2021]
rule copy_db:
    input: /home/gandalf/MIA/data/angio/databaseAngio.db
    output: /home/gandalf/angiography_data/runs/Sep20_11-47-17_gandalf-MS-7845test, /home/gandalf/angiography_data/runs/Sep20_11-47-17_gandalf-MS-7845test/DBInput.db, /home/gandalf/angiography_data/runs/Sep20_11-47-17_gandalf-MS-7845test/DBInput_val.db, /home/gandalf/angiography_data/runs/Sep20_11-47-17_gandalf-MS-7845test/DBInput_test.db
    jobid: 1
    resources: tmpdir=/tmp

ImproperOutputException in line 49 of /home/gandalf/MIA/scripts/angiography_classifier/Snakefile:
Outputs of incorrect type (directories when expecting files or vice versa). Output directories must be flagged with directory(). for rule copy_db:
/home/gandalf/angiography_data/runs/Sep20_11-47-17_gandalf-MS-7845test
Removing output files of failed job copy_db since they might be corrupted:
/home/gandalf/angiography_data/runs/Sep20_11-47-17_gandalf-MS-7845test, /home/gandalf/angiography_data/runs/Sep20_11-47-17_gandalf-MS-7845test/DBInput.db, /home/gandalf/angiography_data/runs/Sep20_11-47-17_gandalf-MS-7845test/DBInput_val.db, /home/gandalf/angiography_data/runs/Sep20_11-47-17_gandalf-MS-7845test/DBInput_test.db
Skipped removing non-empty directory /home/gandalf/angiography_data/runs/Sep20_11-47-17_gandalf-MS-7845test
Shutting down, this might take some time.
Exiting because a job execution failed. Look above for error message
Complete log: /home/gandalf/MIA/scripts/angiography_classifier/.snakemake/log/2021-09-20T114717.560720.snakemake.log
