Building DAG of jobs...
Using shell: /bin/bash
Provided cores: 2
Rules claiming more threads will be scaled down.
Job stats:
job                   count    min threads    max threads
------------------  -------  -------------  -------------
all                       1              1              1
copy_config               1              1              1
copy_table                1              1              1
eval_model_val_set        1              1              1
plot_results_test         1              1              1
plot_results_train        1              1              1
plot_results_val          1              1              1
train_model               1              1              1
total                     8              1              1


[Fri Nov 26 14:31:21 2021]
rule copy_table:
    input: /home/gandalf/MIA/scripts/angiography_classifier/runs/Nov26_14-31-21_gandalf-MS-7845test
    output: runs/bfff52b7-f368-4d77-ab2c-faf574ad3bd3.log
    jobid: 1
    resources: tmpdir=/tmp


[Fri Nov 26 14:31:21 2021]
rule copy_config:
    input: ../../configs/classification/_3D/classification_config_angio.yaml
    output: runs/6f3c8c3b-f22e-4bc7-9d48-29b0b7a458b7.yaml
    jobid: 2
    resources: tmpdir=/tmp

[Fri Nov 26 14:31:21 2021]
Finished job 2.
1 of 8 steps (12%) done
[Fri Nov 26 14:31:21 2021]
Finished job 1.
2 of 8 steps (25%) done

[Fri Nov 26 14:31:21 2021]
rule train_model:
    input: /home/gandalf/MIA/data/angio, runs/6f3c8c3b-f22e-4bc7-9d48-29b0b7a458b7.yaml, /home/gandalf/MIA/scripts/angiography_classifier/runs/Nov26_14-31-21_gandalf-MS-7845test, runs/bfff52b7-f368-4d77-ab2c-faf574ad3bd3.log
    output: /home/gandalf/MIA/scripts/angiography_classifier/runs/Nov26_14-31-21_gandalf-MS-7845test/model.pt
    jobid: 3
    resources: tmpdir=/tmp

[Fri Nov 26 14:31:31 2021]
Finished job 3.
3 of 8 steps (38%) done

[Fri Nov 26 14:31:31 2021]
rule eval_model_val_set:
    input: /home/gandalf/MIA/data/angio, /home/gandalf/MIA/scripts/angiography_classifier/runs/Nov26_14-31-21_gandalf-MS-7845test, /home/gandalf/MIA/scripts/angiography_classifier/runs/Nov26_14-31-21_gandalf-MS-7845test/model.pt
    output: runs/212f0379-85b1-47cb-b280-77804b92a99a.log
    jobid: 4
    resources: tmpdir=/tmp

[Fri Nov 26 14:31:38 2021]
Finished job 4.
4 of 8 steps (50%) done

[Fri Nov 26 14:31:38 2021]
rule plot_results_train:
    input: runs/212f0379-85b1-47cb-b280-77804b92a99a.log, /home/gandalf/MIA/scripts/angiography_classifier/runs/Nov26_14-31-21_gandalf-MS-7845test/plots/train
    output: runs/391e6b5d-8f97-429d-901d-bdf19a615321.log
    jobid: 5
    resources: tmpdir=/tmp


[Fri Nov 26 14:31:38 2021]
rule plot_results_val:
    input: runs/212f0379-85b1-47cb-b280-77804b92a99a.log, /home/gandalf/MIA/scripts/angiography_classifier/runs/Nov26_14-31-21_gandalf-MS-7845test/plots/val
    output: runs/7d5228fe-6a1d-4a34-ae34-b08344038b8c.log
    jobid: 6
    resources: tmpdir=/tmp

[Fri Nov 26 14:31:38 2021]
Finished job 5.
5 of 8 steps (62%) done
[Fri Nov 26 14:31:38 2021]
Finished job 6.
6 of 8 steps (75%) done

[Fri Nov 26 14:31:38 2021]
rule plot_results_test:
    input: runs/212f0379-85b1-47cb-b280-77804b92a99a.log, /home/gandalf/MIA/scripts/angiography_classifier/runs/Nov26_14-31-21_gandalf-MS-7845test/plots/test
    output: runs/6f0f5438-8b4a-4f35-aacf-6bb3dc1b6234.log
    jobid: 7
    resources: tmpdir=/tmp

[Fri Nov 26 14:31:39 2021]
Finished job 7.
7 of 8 steps (88%) done

[Fri Nov 26 14:31:39 2021]
localrule all:
    input: runs/bfff52b7-f368-4d77-ab2c-faf574ad3bd3.log, runs/6f3c8c3b-f22e-4bc7-9d48-29b0b7a458b7.yaml, /home/gandalf/MIA/scripts/angiography_classifier/runs/Nov26_14-31-21_gandalf-MS-7845test/model.pt, runs/212f0379-85b1-47cb-b280-77804b92a99a.log, runs/391e6b5d-8f97-429d-901d-bdf19a615321.log, runs/7d5228fe-6a1d-4a34-ae34-b08344038b8c.log, runs/6f0f5438-8b4a-4f35-aacf-6bb3dc1b6234.log
    jobid: 0
    resources: tmpdir=/tmp

Removing temporary output file runs/bfff52b7-f368-4d77-ab2c-faf574ad3bd3.log.
Removing temporary output file runs/6f3c8c3b-f22e-4bc7-9d48-29b0b7a458b7.yaml.
Removing temporary output file runs/212f0379-85b1-47cb-b280-77804b92a99a.log.
Removing temporary output file runs/391e6b5d-8f97-429d-901d-bdf19a615321.log.
Removing temporary output file runs/7d5228fe-6a1d-4a34-ae34-b08344038b8c.log.
Removing temporary output file runs/6f0f5438-8b4a-4f35-aacf-6bb3dc1b6234.log.
[Fri Nov 26 14:31:39 2021]
Finished job 0.
8 of 8 steps (100%) done
Complete log: /home/gandalf/MIA/scripts/angiography_classifier/.snakemake/log/2021-11-26T143121.304106.snakemake.log
