Building DAG of jobs...
Using shell: /bin/bash
Provided cores: 2
Rules claiming more threads will be scaled down.
Job stats:
job            count    min threads    max threads
-----------  -------  -------------  -------------
all                1              1              1
copy_config        1              1              1
copy_db            1              1              1
train_model        1              1              1
total              4              1              1


[Mon Sep 20 11:52:20 2021]
rule copy_db:
    input: /home/gandalf/MIA/data/angio/databaseAngio.db
    output: /home/gandalf/angiography_data/runs/Sep20_11-52-20_gandalf-MS-7845test, /home/gandalf/angiography_data/runs/Sep20_11-52-20_gandalf-MS-7845test/DBInput.db, /home/gandalf/angiography_data/runs/Sep20_11-52-20_gandalf-MS-7845test/DBInput_val.db, /home/gandalf/angiography_data/runs/Sep20_11-52-20_gandalf-MS-7845test/DBInput_test.db
    jobid: 1
    resources: tmpdir=/tmp


[Mon Sep 20 11:52:20 2021]
rule copy_config:
    input: ../../configs/classification/_3D/classification_config_angio.yaml
    output: runs/55252d9b-c8a8-4afc-bece-4e226365c45e.yaml
    jobid: 2
    resources: tmpdir=/tmp

[Mon Sep 20 11:52:20 2021]
Finished job 2.
1 of 4 steps (25%) done
[Mon Sep 20 11:52:20 2021]
Finished job 1.
2 of 4 steps (50%) done

[Mon Sep 20 11:52:20 2021]
rule train_model:
    input: /home/gandalf/angiography_data/runs/Sep20_11-52-20_gandalf-MS-7845test/DBInput.db, /home/gandalf/MIA/data/angio/sample_data
    output: /home/gandalf/angiography_data/runs/Sep20_11-52-20_gandalf-MS-7845test/model.pt
    jobid: 3
    resources: tmpdir=/tmp

RuleException in line 76 of /home/gandalf/MIA/scripts/angiography_classifier/Snakefile:
'InputFiles' object has no attribute 'query'
