Building DAG of jobs...
Using shell: /bin/bash
Provided cores: 2
Rules claiming more threads will be scaled down.
Job stats:
job                   count    min threads    max threads
------------------  -------  -------------  -------------
all                       1              1              1
copy_config               1              1              1
copy_table                1              1              1
eval_model_val_set        1              1              1
plot_results_test         1              1              1
plot_results_train        1              1              1
plot_results_val          1              1              1
train_model               1              1              1
total                     8              1              1


[Fri Nov 26 13:53:11 2021]
rule copy_table:
    input: /home/gandalf/MIA/scripts/angiography_classifier/runs/Nov26_13-53-11_gandalf-MS-7845test
    output: runs/5079cc87-06bc-448e-bc87-d47335f297d8.log
    jobid: 1
    resources: tmpdir=/tmp


[Fri Nov 26 13:53:11 2021]
rule copy_config:
    input: ../../configs/classification/_3D/classification_config_angio.yaml
    output: runs/b8aa9479-fa72-41b0-aab7-5e33729805fb.yaml
    jobid: 2
    resources: tmpdir=/tmp

[Fri Nov 26 13:53:11 2021]
Finished job 2.
1 of 8 steps (12%) done
[Fri Nov 26 13:53:11 2021]
Finished job 1.
2 of 8 steps (25%) done

[Fri Nov 26 13:53:11 2021]
rule train_model:
    input: /home/gandalf/MIA/data/angio, runs/b8aa9479-fa72-41b0-aab7-5e33729805fb.yaml, /home/gandalf/MIA/scripts/angiography_classifier/runs/Nov26_13-53-11_gandalf-MS-7845test, runs/5079cc87-06bc-448e-bc87-d47335f297d8.log
    output: /home/gandalf/MIA/scripts/angiography_classifier/runs/Nov26_13-53-11_gandalf-MS-7845test/model.pt
    jobid: 3
    resources: tmpdir=/tmp

[Fri Nov 26 13:53:21 2021]
Finished job 3.
3 of 8 steps (38%) done

[Fri Nov 26 13:53:21 2021]
rule eval_model_val_set:
    input: /home/gandalf/MIA/data/angio, /home/gandalf/MIA/scripts/angiography_classifier/runs/Nov26_13-53-11_gandalf-MS-7845test, /home/gandalf/MIA/scripts/angiography_classifier/runs/Nov26_13-53-11_gandalf-MS-7845test/model.pt
    output: runs/609156fd-95dc-4956-a863-0db4ccd988e4.log
    jobid: 4
    resources: tmpdir=/tmp

[Fri Nov 26 13:53:27 2021]
Finished job 4.
4 of 8 steps (50%) done

[Fri Nov 26 13:53:27 2021]
rule plot_results_train:
    input: runs/609156fd-95dc-4956-a863-0db4ccd988e4.log, /home/gandalf/MIA/scripts/angiography_classifier/runs/Nov26_13-53-11_gandalf-MS-7845test/plots/train
    output: runs/8b222477-14df-485f-afb4-c6ac984b6275.log
    jobid: 5
    resources: tmpdir=/tmp


[Fri Nov 26 13:53:27 2021]
rule plot_results_val:
    input: runs/609156fd-95dc-4956-a863-0db4ccd988e4.log, /home/gandalf/MIA/scripts/angiography_classifier/runs/Nov26_13-53-11_gandalf-MS-7845test/plots/val
    output: runs/8bdc5ea4-5d8a-46e2-9c06-6164dd072b2c.log
    jobid: 6
    resources: tmpdir=/tmp

[Fri Nov 26 13:53:27 2021]
Finished job 5.
5 of 8 steps (62%) done

[Fri Nov 26 13:53:27 2021]
rule plot_results_test:
    input: runs/609156fd-95dc-4956-a863-0db4ccd988e4.log, /home/gandalf/MIA/scripts/angiography_classifier/runs/Nov26_13-53-11_gandalf-MS-7845test/plots/test
    output: runs/bde2c7f6-3da6-4cff-8f48-f6d0bba811e7.log
    jobid: 7
    resources: tmpdir=/tmp

[Fri Nov 26 13:53:27 2021]
Finished job 6.
6 of 8 steps (75%) done
[Fri Nov 26 13:53:27 2021]
Finished job 7.
7 of 8 steps (88%) done

[Fri Nov 26 13:53:27 2021]
localrule all:
    input: runs/5079cc87-06bc-448e-bc87-d47335f297d8.log, runs/b8aa9479-fa72-41b0-aab7-5e33729805fb.yaml, /home/gandalf/MIA/scripts/angiography_classifier/runs/Nov26_13-53-11_gandalf-MS-7845test/model.pt, runs/609156fd-95dc-4956-a863-0db4ccd988e4.log, runs/8b222477-14df-485f-afb4-c6ac984b6275.log, runs/8bdc5ea4-5d8a-46e2-9c06-6164dd072b2c.log, runs/bde2c7f6-3da6-4cff-8f48-f6d0bba811e7.log
    jobid: 0
    resources: tmpdir=/tmp

Removing temporary output file runs/5079cc87-06bc-448e-bc87-d47335f297d8.log.
Removing temporary output file runs/b8aa9479-fa72-41b0-aab7-5e33729805fb.yaml.
Removing temporary output file runs/609156fd-95dc-4956-a863-0db4ccd988e4.log.
Removing temporary output file runs/8b222477-14df-485f-afb4-c6ac984b6275.log.
Removing temporary output file runs/8bdc5ea4-5d8a-46e2-9c06-6164dd072b2c.log.
Removing temporary output file runs/bde2c7f6-3da6-4cff-8f48-f6d0bba811e7.log.
[Fri Nov 26 13:53:27 2021]
Finished job 0.
8 of 8 steps (100%) done
Complete log: /home/gandalf/MIA/scripts/angiography_classifier/.snakemake/log/2021-11-26T135311.636822.snakemake.log
