Building DAG of jobs...
Using shell: /bin/bash
Provided cores: 3
Rules claiming more threads will be scaled down.
Job stats:
job            count    min threads    max threads
-----------  -------  -------------  -------------
all                1              1              1
test_model         1              1              1
train_model        1              1              1
total              3              1              1


[Mon Aug  2 14:41:03 2021]
rule train_model:
    input: /home/gandalf/MIA/data/angio/minc_file_path, /home/gandalf/MIA/data/angio/train.csv, /home/gandalf/MIA/data/angio/minc_file_path, /home/gandalf/MIA/data/angio/val.csv
    output: runs/6893035c-21a7-462b-ad0e-29146f02a818.log
    jobid: 2
    resources: tmpdir=/tmp

[Mon Aug  2 14:41:23 2021]
Finished job 2.
1 of 3 steps (33%) done

[Mon Aug  2 14:41:23 2021]
rule test_model:
    input: /home/gandalf/MIA/data/angio/minc_file_path, /home/gandalf/MIA/data/angio/val.csv, runs/6893035c-21a7-462b-ad0e-29146f02a818.log
    output: runs/ccd58eb4-3379-417f-b8da-9c4f1e8b73bb.log
    jobid: 3
    resources: tmpdir=/tmp

[Mon Aug  2 14:41:30 2021]
Finished job 3.
2 of 3 steps (67%) done

[Mon Aug  2 14:41:30 2021]
localrule all:
    input: /home/gandalf/MIA/data/angio/train.csv, /home/gandalf/MIA/data/angio/val.csv, /home/gandalf/MIA/data/angio/minc_file_path, runs/6893035c-21a7-462b-ad0e-29146f02a818.log, runs/ccd58eb4-3379-417f-b8da-9c4f1e8b73bb.log
    jobid: 0
    resources: tmpdir=/tmp

Removing temporary output file runs/6893035c-21a7-462b-ad0e-29146f02a818.log.
Removing temporary output file runs/ccd58eb4-3379-417f-b8da-9c4f1e8b73bb.log.
[Mon Aug  2 14:41:30 2021]
Finished job 0.
3 of 3 steps (100%) done
Complete log: /home/gandalf/MIA/scripts/angiography_classifier/.snakemake/log/2021-08-02T144103.158825.snakemake.log
