Building DAG of jobs...
Using shell: /bin/bash
Provided cores: 2
Rules claiming more threads will be scaled down.
Job stats:
job                   count    min threads    max threads
------------------  -------  -------------  -------------
all                       1              1              1
copy_config               1              1              1
copy_table                1              1              1
eval_model_val_set        1              1              1
plot_results_test         1              1              1
plot_results_train        1              1              1
plot_results_val          1              1              1
train_model               1              1              1
total                     8              1              1


[Fri Nov 26 13:41:36 2021]
rule copy_table:
    input: /home/gandalf/MIA/scripts/angiography_classifier/runs/Nov26_13-41-36_gandalf-MS-7845test
    output: runs/727aebb8-b969-4500-8d26-97da85e393a5.log
    jobid: 1
    resources: tmpdir=/tmp


[Fri Nov 26 13:41:36 2021]
rule copy_config:
    input: ../../configs/classification/_3D/classification_config_angio.yaml
    output: runs/7fc6297a-7bab-4274-a6a4-d27a0948a816.yaml
    jobid: 2
    resources: tmpdir=/tmp

[Fri Nov 26 13:41:36 2021]
Finished job 2.
1 of 8 steps (12%) done
[Fri Nov 26 13:41:36 2021]
Finished job 1.
2 of 8 steps (25%) done

[Fri Nov 26 13:41:36 2021]
rule train_model:
    input: /home/gandalf/MIA/data/angio, runs/7fc6297a-7bab-4274-a6a4-d27a0948a816.yaml, /home/gandalf/MIA/scripts/angiography_classifier/runs/Nov26_13-41-36_gandalf-MS-7845test, runs/727aebb8-b969-4500-8d26-97da85e393a5.log
    output: /home/gandalf/MIA/scripts/angiography_classifier/runs/Nov26_13-41-36_gandalf-MS-7845test/model.pt
    jobid: 3
    resources: tmpdir=/tmp

[Fri Nov 26 13:41:40 2021]
Finished job 3.
3 of 8 steps (38%) done

[Fri Nov 26 13:41:40 2021]
rule eval_model_val_set:
    input: /home/gandalf/MIA/data/angio, /home/gandalf/MIA/scripts/angiography_classifier/runs/Nov26_13-41-36_gandalf-MS-7845test, /home/gandalf/MIA/scripts/angiography_classifier/runs/Nov26_13-41-36_gandalf-MS-7845test/model.pt
    output: runs/eab47b50-19ef-479c-9d03-1d6a2a8a71cf.log
    jobid: 4
    resources: tmpdir=/tmp

[Fri Nov 26 13:41:42 2021]
Finished job 4.
4 of 8 steps (50%) done

[Fri Nov 26 13:41:42 2021]
rule plot_results_train:
    input: runs/eab47b50-19ef-479c-9d03-1d6a2a8a71cf.log, /home/gandalf/MIA/scripts/angiography_classifier/runs/Nov26_13-41-36_gandalf-MS-7845test/plots/train
    output: runs/736c4847-6553-485d-8c33-e9144abc2967.log
    jobid: 5
    resources: tmpdir=/tmp


[Fri Nov 26 13:41:42 2021]
rule plot_results_val:
    input: runs/eab47b50-19ef-479c-9d03-1d6a2a8a71cf.log, /home/gandalf/MIA/scripts/angiography_classifier/runs/Nov26_13-41-36_gandalf-MS-7845test/plots/val
    output: runs/917844a3-5538-4b51-8193-44179774f2fb.log
    jobid: 6
    resources: tmpdir=/tmp

[Fri Nov 26 13:41:42 2021]
Finished job 5.
5 of 8 steps (62%) done

[Fri Nov 26 13:41:42 2021]
rule plot_results_test:
    input: runs/eab47b50-19ef-479c-9d03-1d6a2a8a71cf.log, /home/gandalf/MIA/scripts/angiography_classifier/runs/Nov26_13-41-36_gandalf-MS-7845test/plots/test
    output: runs/57dd75d3-4225-461a-a54f-9ad369db144d.log
    jobid: 7
    resources: tmpdir=/tmp

[Fri Nov 26 13:41:42 2021]
Finished job 6.
6 of 8 steps (75%) done
[Fri Nov 26 13:41:42 2021]
Finished job 7.
7 of 8 steps (88%) done

[Fri Nov 26 13:41:42 2021]
localrule all:
    input: runs/727aebb8-b969-4500-8d26-97da85e393a5.log, runs/7fc6297a-7bab-4274-a6a4-d27a0948a816.yaml, /home/gandalf/MIA/scripts/angiography_classifier/runs/Nov26_13-41-36_gandalf-MS-7845test/model.pt, runs/eab47b50-19ef-479c-9d03-1d6a2a8a71cf.log, runs/736c4847-6553-485d-8c33-e9144abc2967.log, runs/917844a3-5538-4b51-8193-44179774f2fb.log, runs/57dd75d3-4225-461a-a54f-9ad369db144d.log
    jobid: 0
    resources: tmpdir=/tmp

Removing temporary output file runs/727aebb8-b969-4500-8d26-97da85e393a5.log.
Removing temporary output file runs/7fc6297a-7bab-4274-a6a4-d27a0948a816.yaml.
Removing temporary output file runs/eab47b50-19ef-479c-9d03-1d6a2a8a71cf.log.
Removing temporary output file runs/736c4847-6553-485d-8c33-e9144abc2967.log.
Removing temporary output file runs/917844a3-5538-4b51-8193-44179774f2fb.log.
Removing temporary output file runs/57dd75d3-4225-461a-a54f-9ad369db144d.log.
[Fri Nov 26 13:41:42 2021]
Finished job 0.
8 of 8 steps (100%) done
Complete log: /home/gandalf/MIA/scripts/angiography_classifier/.snakemake/log/2021-11-26T134135.906744.snakemake.log
