Building DAG of jobs...
Using shell: /bin/bash
Provided cores: 3
Rules claiming more threads will be scaled down.
Job stats:
job            count    min threads    max threads
-----------  -------  -------------  -------------
all                1              1              1
test_model         1              1              1
train_model        1              1              1
total              3              1              1


[Mon Aug  2 14:53:45 2021]
rule train_model:
    input: /home/gandalf/MIA/data/angio/minc_file_path, /home/gandalf/MIA/data/angio/train.csv, /home/gandalf/MIA/data/angio/minc_file_path, /home/gandalf/MIA/data/angio/val.csv
    output: runs/96aa22ed-085e-4c15-adcf-458795daa91d.log
    jobid: 2
    resources: tmpdir=/tmp

[Mon Aug  2 14:54:04 2021]
Finished job 2.
1 of 3 steps (33%) done

[Mon Aug  2 14:54:04 2021]
rule test_model:
    input: /home/gandalf/MIA/data/angio/minc_file_path, /home/gandalf/MIA/data/angio/val.csv, runs/96aa22ed-085e-4c15-adcf-458795daa91d.log
    output: runs/eaa7babf-4c86-44a4-b26d-bf9110679b28.log
    jobid: 3
    resources: tmpdir=/tmp

[Mon Aug  2 14:54:11 2021]
Finished job 3.
2 of 3 steps (67%) done

[Mon Aug  2 14:54:11 2021]
localrule all:
    input: /home/gandalf/MIA/data/angio/train.csv, /home/gandalf/MIA/data/angio/val.csv, /home/gandalf/MIA/data/angio/minc_file_path, runs/96aa22ed-085e-4c15-adcf-458795daa91d.log, runs/eaa7babf-4c86-44a4-b26d-bf9110679b28.log
    jobid: 0
    resources: tmpdir=/tmp

Removing temporary output file runs/96aa22ed-085e-4c15-adcf-458795daa91d.log.
Removing temporary output file runs/eaa7babf-4c86-44a4-b26d-bf9110679b28.log.
[Mon Aug  2 14:54:11 2021]
Finished job 0.
3 of 3 steps (100%) done
Complete log: /home/gandalf/MIA/scripts/angiography_classifier/.snakemake/log/2021-08-02T145345.162017.snakemake.log
