The flag 'temp' used in rule train_model is only valid for outputs, not inputs.
Building DAG of jobs...
Using shell: /bin/bash
Provided cores: 2
Rules claiming more threads will be scaled down.
Job stats:
job                    count    min threads    max threads
-------------------  -------  -------------  -------------
all                        1              1              1
copy_config                1              1              1
copy_db                    1              1              1
eval_model_test_set        1              1              1
eval_model_val_set         1              1              1
train_model                1              1              1
total                      6              1              1


[Mon Sep 20 13:02:43 2021]
rule copy_db:
    input: /home/gandalf/MIA/data/angio/databaseAngio.db
    output: /home/gandalf/angiography_data/runs/Sep20_13-02-43_gandalf-MS-7845test, /home/gandalf/angiography_data/runs/Sep20_13-02-43_gandalf-MS-7845test/DBInput.db, /home/gandalf/angiography_data/runs/Sep20_13-02-43_gandalf-MS-7845test/DBInput_val.db, /home/gandalf/angiography_data/runs/Sep20_13-02-43_gandalf-MS-7845test/DBInput_test.db, /home/gandalf/angiography_data/runs/Sep20_13-02-43_gandalf-MS-7845test/snake_log
    jobid: 1
    resources: tmpdir=/tmp

ImproperOutputException in line 53 of /home/gandalf/MIA/scripts/angiography_classifier/Snakefile:
Outputs of incorrect type (directories when expecting files or vice versa). Output directories must be flagged with directory(). for rule copy_db:
/home/gandalf/angiography_data/runs/Sep20_13-02-43_gandalf-MS-7845test/snake_log
Removing output files of failed job copy_db since they might be corrupted:
/home/gandalf/angiography_data/runs/Sep20_13-02-43_gandalf-MS-7845test, /home/gandalf/angiography_data/runs/Sep20_13-02-43_gandalf-MS-7845test/DBInput.db, /home/gandalf/angiography_data/runs/Sep20_13-02-43_gandalf-MS-7845test/DBInput_val.db, /home/gandalf/angiography_data/runs/Sep20_13-02-43_gandalf-MS-7845test/DBInput_test.db, /home/gandalf/angiography_data/runs/Sep20_13-02-43_gandalf-MS-7845test/snake_log

[Mon Sep 20 13:02:43 2021]
rule copy_config:
    input: ../../configs/classification/_3D/classification_config_angio.yaml
    output: runs/6b72125a-d7ee-4a17-952a-214ee51eb324.yaml
    jobid: 2
    resources: tmpdir=/tmp

[Mon Sep 20 13:02:43 2021]
Finished job 2.
1 of 6 steps (17%) done
Shutting down, this might take some time.
Exiting because a job execution failed. Look above for error message
Complete log: /home/gandalf/MIA/scripts/angiography_classifier/.snakemake/log/2021-09-20T130243.440362.snakemake.log
