The flag 'temp' used in rule train_model is only valid for outputs, not inputs.
Building DAG of jobs...
Using shell: /bin/bash
Provided cores: 2
Rules claiming more threads will be scaled down.
Job stats:
job            count    min threads    max threads
-----------  -------  -------------  -------------
all                1              1              1
copy_config        1              1              1
copy_db            1              1              1
train_model        1              1              1
total              4              1              1


[Mon Sep 20 11:59:01 2021]
rule copy_db:
    input: /home/gandalf/MIA/data/angio/databaseAngio.db
    output: /home/gandalf/angiography_data/runs/Sep20_11-59-01_gandalf-MS-7845test, /home/gandalf/angiography_data/runs/Sep20_11-59-01_gandalf-MS-7845test/DBInput.db, /home/gandalf/angiography_data/runs/Sep20_11-59-01_gandalf-MS-7845test/DBInput_val.db, /home/gandalf/angiography_data/runs/Sep20_11-59-01_gandalf-MS-7845test/DBInput_test.db
    jobid: 1
    resources: tmpdir=/tmp


[Mon Sep 20 11:59:01 2021]
rule copy_config:
    input: ../../configs/classification/_3D/classification_config_angio.yaml
    output: runs/f052dccd-918c-4540-928d-0f299fa071f8.yaml
    jobid: 2
    resources: tmpdir=/tmp

[Mon Sep 20 11:59:01 2021]
Finished job 1.
1 of 4 steps (25%) done
[Mon Sep 20 11:59:01 2021]
Finished job 2.
2 of 4 steps (50%) done

[Mon Sep 20 11:59:01 2021]
rule train_model:
    input: /home/gandalf/angiography_data/runs/Sep20_11-59-01_gandalf-MS-7845test/DBInput.db, /home/gandalf/MIA/data/angio/sample_data, runs/f052dccd-918c-4540-928d-0f299fa071f8.yaml, /home/gandalf/angiography_data/runs/Sep20_11-59-01_gandalf-MS-7845test
    output: /home/gandalf/angiography_data/runs/Sep20_11-59-01_gandalf-MS-7845test/model.pt
    jobid: 3
    resources: tmpdir=/tmp

[Mon Sep 20 11:59:03 2021]
Finished job 3.
3 of 4 steps (75%) done

[Mon Sep 20 11:59:03 2021]
localrule all:
    input: /home/gandalf/angiography_data/runs/Sep20_11-59-01_gandalf-MS-7845test/DBInput.db, /home/gandalf/angiography_data/runs/Sep20_11-59-01_gandalf-MS-7845test/DBInput_val.db, /home/gandalf/angiography_data/runs/Sep20_11-59-01_gandalf-MS-7845test/DBInput_test.db, runs/f052dccd-918c-4540-928d-0f299fa071f8.yaml, /home/gandalf/angiography_data/runs/Sep20_11-59-01_gandalf-MS-7845test/model.pt
    jobid: 0
    resources: tmpdir=/tmp

Removing temporary output file runs/f052dccd-918c-4540-928d-0f299fa071f8.yaml.
[Mon Sep 20 11:59:03 2021]
Finished job 0.
4 of 4 steps (100%) done
Complete log: /home/gandalf/MIA/scripts/angiography_classifier/.snakemake/log/2021-09-20T115901.252842.snakemake.log
