Building DAG of jobs...
Using shell: /bin/bash
Provided cores: 2
Rules claiming more threads will be scaled down.
Job stats:
job                   count    min threads    max threads
------------------  -------  -------------  -------------
all                       1              1              1
copy_config               1              1              1
copy_table                1              1              1
eval_model_val_set        1              1              1
plot_results_test         1              1              1
plot_results_train        1              1              1
plot_results_val          1              1              1
train_model               1              1              1
total                     8              1              1


[Fri Nov 26 14:29:59 2021]
rule copy_table:
    input: /home/gandalf/MIA/scripts/angiography_classifier/runs/Nov26_14-29-59_gandalf-MS-7845test
    output: runs/29db8283-2b92-4241-b5bf-d3726dbce58f.log
    jobid: 1
    resources: tmpdir=/tmp


[Fri Nov 26 14:29:59 2021]
rule copy_config:
    input: ../../configs/classification/_3D/classification_config_angio.yaml
    output: runs/0200b2bb-40f6-474c-911d-3515818c7488.yaml
    jobid: 2
    resources: tmpdir=/tmp

[Fri Nov 26 14:29:59 2021]
Finished job 2.
1 of 8 steps (12%) done
[Fri Nov 26 14:29:59 2021]
Finished job 1.
2 of 8 steps (25%) done

[Fri Nov 26 14:29:59 2021]
rule train_model:
    input: /home/gandalf/MIA/data/angio, runs/0200b2bb-40f6-474c-911d-3515818c7488.yaml, /home/gandalf/MIA/scripts/angiography_classifier/runs/Nov26_14-29-59_gandalf-MS-7845test, runs/29db8283-2b92-4241-b5bf-d3726dbce58f.log
    output: /home/gandalf/MIA/scripts/angiography_classifier/runs/Nov26_14-29-59_gandalf-MS-7845test/model.pt
    jobid: 3
    resources: tmpdir=/tmp

[Fri Nov 26 14:30:08 2021]
Finished job 3.
3 of 8 steps (38%) done

[Fri Nov 26 14:30:08 2021]
rule eval_model_val_set:
    input: /home/gandalf/MIA/data/angio, /home/gandalf/MIA/scripts/angiography_classifier/runs/Nov26_14-29-59_gandalf-MS-7845test, /home/gandalf/MIA/scripts/angiography_classifier/runs/Nov26_14-29-59_gandalf-MS-7845test/model.pt
    output: runs/3e136cc2-1784-45bf-b097-f96975fb6360.log
    jobid: 4
    resources: tmpdir=/tmp

[Fri Nov 26 14:30:16 2021]
Finished job 4.
4 of 8 steps (50%) done

[Fri Nov 26 14:30:16 2021]
rule plot_results_train:
    input: runs/3e136cc2-1784-45bf-b097-f96975fb6360.log, /home/gandalf/MIA/scripts/angiography_classifier/runs/Nov26_14-29-59_gandalf-MS-7845test/plots/train
    output: runs/9da22072-f144-4538-9fd8-2fdfccaea760.log
    jobid: 5
    resources: tmpdir=/tmp


[Fri Nov 26 14:30:16 2021]
rule plot_results_val:
    input: runs/3e136cc2-1784-45bf-b097-f96975fb6360.log, /home/gandalf/MIA/scripts/angiography_classifier/runs/Nov26_14-29-59_gandalf-MS-7845test/plots/val
    output: runs/698d78a1-25b3-4e90-a936-4c1ab1b01219.log
    jobid: 6
    resources: tmpdir=/tmp

[Fri Nov 26 14:30:16 2021]
Finished job 5.
5 of 8 steps (62%) done

[Fri Nov 26 14:30:16 2021]
rule plot_results_test:
    input: runs/3e136cc2-1784-45bf-b097-f96975fb6360.log, /home/gandalf/MIA/scripts/angiography_classifier/runs/Nov26_14-29-59_gandalf-MS-7845test/plots/test
    output: runs/94cf9323-095d-451c-94de-b0d3e85f42c1.log
    jobid: 7
    resources: tmpdir=/tmp

[Fri Nov 26 14:30:16 2021]
Finished job 6.
6 of 8 steps (75%) done
[Fri Nov 26 14:30:16 2021]
Finished job 7.
7 of 8 steps (88%) done

[Fri Nov 26 14:30:16 2021]
localrule all:
    input: runs/29db8283-2b92-4241-b5bf-d3726dbce58f.log, runs/0200b2bb-40f6-474c-911d-3515818c7488.yaml, /home/gandalf/MIA/scripts/angiography_classifier/runs/Nov26_14-29-59_gandalf-MS-7845test/model.pt, runs/3e136cc2-1784-45bf-b097-f96975fb6360.log, runs/9da22072-f144-4538-9fd8-2fdfccaea760.log, runs/698d78a1-25b3-4e90-a936-4c1ab1b01219.log, runs/94cf9323-095d-451c-94de-b0d3e85f42c1.log
    jobid: 0
    resources: tmpdir=/tmp

Removing temporary output file runs/29db8283-2b92-4241-b5bf-d3726dbce58f.log.
Removing temporary output file runs/0200b2bb-40f6-474c-911d-3515818c7488.yaml.
Removing temporary output file runs/3e136cc2-1784-45bf-b097-f96975fb6360.log.
Removing temporary output file runs/9da22072-f144-4538-9fd8-2fdfccaea760.log.
Removing temporary output file runs/698d78a1-25b3-4e90-a936-4c1ab1b01219.log.
Removing temporary output file runs/94cf9323-095d-451c-94de-b0d3e85f42c1.log.
[Fri Nov 26 14:30:16 2021]
Finished job 0.
8 of 8 steps (100%) done
Complete log: /home/gandalf/MIA/scripts/angiography_classifier/.snakemake/log/2021-11-26T142959.071976.snakemake.log
