The flag 'temp' used in rule train_model is only valid for outputs, not inputs.
Building DAG of jobs...
Using shell: /bin/bash
Provided cores: 2
Rules claiming more threads will be scaled down.
Job stats:
job                   count    min threads    max threads
------------------  -------  -------------  -------------
all                       1              1              1
copy_config               1              1              1
copy_db                   1              1              1
eval_model_val_set        1              1              1
train_model               1              1              1
total                     5              1              1


[Mon Sep 20 12:28:18 2021]
rule copy_db:
    input: /home/gandalf/MIA/data/angio/databaseAngio.db
    output: /home/gandalf/angiography_data/runs/Sep20_12-28-18_gandalf-MS-7845test, /home/gandalf/angiography_data/runs/Sep20_12-28-18_gandalf-MS-7845test/DBInput.db, /home/gandalf/angiography_data/runs/Sep20_12-28-18_gandalf-MS-7845test/DBInput_val.db, /home/gandalf/angiography_data/runs/Sep20_12-28-18_gandalf-MS-7845test/DBInput_test.db
    jobid: 1
    resources: tmpdir=/tmp


[Mon Sep 20 12:28:18 2021]
rule copy_config:
    input: ../../configs/classification/_3D/classification_config_angio.yaml
    output: runs/09e462a7-a1a3-4eed-97c2-fe06764ed481.yaml
    jobid: 2
    resources: tmpdir=/tmp

[Mon Sep 20 12:28:18 2021]
Finished job 2.
1 of 5 steps (20%) done
[Mon Sep 20 12:28:18 2021]
Finished job 1.
2 of 5 steps (40%) done

[Mon Sep 20 12:28:18 2021]
rule train_model:
    input: /home/gandalf/angiography_data/runs/Sep20_12-28-18_gandalf-MS-7845test/DBInput.db, /home/gandalf/MIA/data/angio, runs/09e462a7-a1a3-4eed-97c2-fe06764ed481.yaml, /home/gandalf/angiography_data/runs/Sep20_12-28-18_gandalf-MS-7845test
    output: /home/gandalf/angiography_data/runs/Sep20_12-28-18_gandalf-MS-7845test/model.pt
    jobid: 3
    resources: tmpdir=/tmp

[Mon Sep 20 12:29:55 2021]
Finished job 3.
3 of 5 steps (60%) done

[Mon Sep 20 12:29:55 2021]
rule eval_model_val_set:
    input: /home/gandalf/angiography_data/runs/Sep20_12-28-18_gandalf-MS-7845test/DBInput_val.db, /home/gandalf/MIA/data/angio, /home/gandalf/angiography_data/runs/Sep20_12-28-18_gandalf-MS-7845test, /home/gandalf/angiography_data/runs/Sep20_12-28-18_gandalf-MS-7845test/model.pt
    output: runs/d92c403e-cd0b-4093-b6ae-9854015d9071.log
    jobid: 4
    resources: tmpdir=/tmp

[Mon Sep 20 12:30:05 2021]
Finished job 4.
4 of 5 steps (80%) done

[Mon Sep 20 12:30:05 2021]
localrule all:
    input: /home/gandalf/angiography_data/runs/Sep20_12-28-18_gandalf-MS-7845test/DBInput.db, /home/gandalf/angiography_data/runs/Sep20_12-28-18_gandalf-MS-7845test/DBInput_val.db, /home/gandalf/angiography_data/runs/Sep20_12-28-18_gandalf-MS-7845test/DBInput_test.db, runs/09e462a7-a1a3-4eed-97c2-fe06764ed481.yaml, /home/gandalf/angiography_data/runs/Sep20_12-28-18_gandalf-MS-7845test/model.pt, runs/d92c403e-cd0b-4093-b6ae-9854015d9071.log
    jobid: 0
    resources: tmpdir=/tmp

Removing temporary output file runs/09e462a7-a1a3-4eed-97c2-fe06764ed481.yaml.
Removing temporary output file runs/d92c403e-cd0b-4093-b6ae-9854015d9071.log.
[Mon Sep 20 12:30:05 2021]
Finished job 0.
5 of 5 steps (100%) done
Complete log: /home/gandalf/MIA/scripts/angiography_classifier/.snakemake/log/2021-09-20T122818.828784.snakemake.log
