The flag 'temp' used in rule train_model is only valid for outputs, not inputs.
Building DAG of jobs...
Using shell: /bin/bash
Provided cores: 2
Rules claiming more threads will be scaled down.
Job stats:
job                    count    min threads    max threads
-------------------  -------  -------------  -------------
all                        1              1              1
copy_config                1              1              1
copy_db                    1              1              1
eval_model_test_set        1              1              1
eval_model_val_set         1              1              1
train_model                1              1              1
total                      6              1              1


[Mon Sep 20 13:03:24 2021]
rule copy_db:
    input: /home/gandalf/MIA/data/angio/databaseAngio.db
    output: /home/gandalf/angiography_data/runs/Sep20_13-03-24_gandalf-MS-7845test, /home/gandalf/angiography_data/runs/Sep20_13-03-24_gandalf-MS-7845test/DBInput.db, /home/gandalf/angiography_data/runs/Sep20_13-03-24_gandalf-MS-7845test/DBInput_val.db, /home/gandalf/angiography_data/runs/Sep20_13-03-24_gandalf-MS-7845test/DBInput_test.db, /home/gandalf/angiography_data/runs/Sep20_13-03-24_gandalf-MS-7845test/snake_log
    jobid: 1
    resources: tmpdir=/tmp


[Mon Sep 20 13:03:24 2021]
rule copy_config:
    input: ../../configs/classification/_3D/classification_config_angio.yaml
    output: runs/2be53bb1-8af3-4eaf-942d-9aefe483398d.yaml
    jobid: 2
    resources: tmpdir=/tmp

[Mon Sep 20 13:03:24 2021]
Finished job 2.
1 of 6 steps (17%) done
[Mon Sep 20 13:03:24 2021]
Finished job 1.
2 of 6 steps (33%) done

[Mon Sep 20 13:03:24 2021]
rule train_model:
    input: /home/gandalf/angiography_data/runs/Sep20_13-03-24_gandalf-MS-7845test/DBInput.db, /home/gandalf/MIA/data/angio, runs/2be53bb1-8af3-4eaf-942d-9aefe483398d.yaml, /home/gandalf/angiography_data/runs/Sep20_13-03-24_gandalf-MS-7845test
    output: /home/gandalf/angiography_data/runs/Sep20_13-03-24_gandalf-MS-7845test/model.pt
    log: /home/gandalf/angiography_data/runs/Sep20_13-03-24_gandalf-MS-7845test/snake_log/train
    jobid: 3
    resources: tmpdir=/tmp

[Mon Sep 20 13:05:02 2021]
Finished job 3.
3 of 6 steps (50%) done

[Mon Sep 20 13:05:02 2021]
rule eval_model_test_set:
    input: /home/gandalf/angiography_data/runs/Sep20_13-03-24_gandalf-MS-7845test/DBInput_test.db, /home/gandalf/MIA/data/angio, /home/gandalf/angiography_data/runs/Sep20_13-03-24_gandalf-MS-7845test, /home/gandalf/angiography_data/runs/Sep20_13-03-24_gandalf-MS-7845test/model.pt
    output: runs/170e0b57-4ef5-4ab8-aeda-bb5b6c9b9a26.log
    log: /home/gandalf/angiography_data/runs/Sep20_13-03-24_gandalf-MS-7845test/snake_log/eval_test
    jobid: 5
    resources: tmpdir=/tmp


[Mon Sep 20 13:05:02 2021]
rule eval_model_val_set:
    input: /home/gandalf/angiography_data/runs/Sep20_13-03-24_gandalf-MS-7845test/DBInput_val.db, /home/gandalf/MIA/data/angio, /home/gandalf/angiography_data/runs/Sep20_13-03-24_gandalf-MS-7845test, /home/gandalf/angiography_data/runs/Sep20_13-03-24_gandalf-MS-7845test/model.pt
    output: runs/b7a2f602-56d2-4d7c-8dd3-ff7698fa7880.log
    log: /home/gandalf/angiography_data/runs/Sep20_13-03-24_gandalf-MS-7845test/snake_log/eval_val
    jobid: 4
    resources: tmpdir=/tmp

[Mon Sep 20 13:05:13 2021]
Finished job 4.
4 of 6 steps (67%) done
[Mon Sep 20 13:05:37 2021]
Finished job 5.
5 of 6 steps (83%) done

[Mon Sep 20 13:05:37 2021]
localrule all:
    input: /home/gandalf/angiography_data/runs/Sep20_13-03-24_gandalf-MS-7845test/DBInput.db, /home/gandalf/angiography_data/runs/Sep20_13-03-24_gandalf-MS-7845test/DBInput_val.db, /home/gandalf/angiography_data/runs/Sep20_13-03-24_gandalf-MS-7845test/DBInput_test.db, runs/2be53bb1-8af3-4eaf-942d-9aefe483398d.yaml, /home/gandalf/angiography_data/runs/Sep20_13-03-24_gandalf-MS-7845test/model.pt, runs/b7a2f602-56d2-4d7c-8dd3-ff7698fa7880.log, runs/170e0b57-4ef5-4ab8-aeda-bb5b6c9b9a26.log
    jobid: 0
    resources: tmpdir=/tmp

Removing temporary output file runs/2be53bb1-8af3-4eaf-942d-9aefe483398d.yaml.
Removing temporary output file runs/b7a2f602-56d2-4d7c-8dd3-ff7698fa7880.log.
Removing temporary output file runs/170e0b57-4ef5-4ab8-aeda-bb5b6c9b9a26.log.
[Mon Sep 20 13:05:37 2021]
Finished job 0.
6 of 6 steps (100%) done
Complete log: /home/gandalf/MIA/scripts/angiography_classifier/.snakemake/log/2021-09-20T130323.978508.snakemake.log
