Building DAG of jobs...
Using shell: /bin/bash
Provided cores: 2
Rules claiming more threads will be scaled down.
Job stats:
job                   count    min threads    max threads
------------------  -------  -------------  -------------
all                       1              1              1
copy_config               1              1              1
copy_table                1              1              1
eval_model_val_set        1              1              1
plot_results_test         1              1              1
plot_results_train        1              1              1
plot_results_val          1              1              1
split_train_val           1              1              1
train_model               1              1              1
total                     9              1              1


[Mon Jan 24 10:23:09 2022]
rule copy_table:
    input: /home/gandalf/angiography_data/runs/Jan24_10-23-09_gandalf-MS-7845test
    output: runs/6b30cad3-f30b-4cdd-b57e-5b2b2d001e28.log
    jobid: 1
    resources: tmpdir=/tmp


[Mon Jan 24 10:23:09 2022]
rule copy_config:
    input: ../../configs/classification/_3D/classification_config_angio.yaml
    output: runs/e3acff82-7060-44a1-91e7-7aa071e267a9.yaml
    jobid: 2
    resources: tmpdir=/tmp

[Mon Jan 24 10:23:09 2022]
Finished job 2.
1 of 9 steps (11%) done
[Mon Jan 24 10:23:10 2022]
Finished job 1.
2 of 9 steps (22%) done

[Mon Jan 24 10:23:10 2022]
rule split_train_val:
    input: runs/e3acff82-7060-44a1-91e7-7aa071e267a9.yaml, /home/gandalf/angiography_data/runs/Jan24_10-23-09_gandalf-MS-7845test, runs/6b30cad3-f30b-4cdd-b57e-5b2b2d001e28.log
    output: runs/026c372b-7f38-4b33-a306-871d2b0754e3.log
    jobid: 4
    resources: tmpdir=/tmp

[Mon Jan 24 10:23:11 2022]
Finished job 4.
3 of 9 steps (33%) done

[Mon Jan 24 10:23:11 2022]
rule train_model:
    input: /home/gandalf/mia/data/angio, runs/e3acff82-7060-44a1-91e7-7aa071e267a9.yaml, /home/gandalf/angiography_data/runs/Jan24_10-23-09_gandalf-MS-7845test, runs/6b30cad3-f30b-4cdd-b57e-5b2b2d001e28.log, runs/026c372b-7f38-4b33-a306-871d2b0754e3.log
    output: /home/gandalf/angiography_data/runs/Jan24_10-23-09_gandalf-MS-7845test/model.pt
    jobid: 3
    resources: tmpdir=/tmp

[Mon Jan 24 10:23:22 2022]
Finished job 3.
4 of 9 steps (44%) done

[Mon Jan 24 10:23:22 2022]
rule eval_model_val_set:
    input: /home/gandalf/mia/data/angio, /home/gandalf/angiography_data/runs/Jan24_10-23-09_gandalf-MS-7845test, /home/gandalf/angiography_data/runs/Jan24_10-23-09_gandalf-MS-7845test/model.pt
    output: runs/4167146e-6a0a-4fd9-9b73-e2b416f11974.log
    jobid: 5
    resources: tmpdir=/tmp

[Mon Jan 24 10:23:33 2022]
Finished job 5.
5 of 9 steps (56%) done

[Mon Jan 24 10:23:33 2022]
rule plot_results_test:
    input: runs/4167146e-6a0a-4fd9-9b73-e2b416f11974.log, /home/gandalf/angiography_data/runs/Jan24_10-23-09_gandalf-MS-7845test/plots/test
    output: runs/bd67ba9f-f750-41cb-b15b-a0b31deda961.log
    jobid: 8
    resources: tmpdir=/tmp


[Mon Jan 24 10:23:33 2022]
rule plot_results_train:
    input: runs/4167146e-6a0a-4fd9-9b73-e2b416f11974.log, /home/gandalf/angiography_data/runs/Jan24_10-23-09_gandalf-MS-7845test/plots/train
    output: runs/5b5e6a64-96da-48d2-8ec3-af44e159918c.log
    jobid: 6
    resources: tmpdir=/tmp

[Mon Jan 24 10:23:35 2022]
Finished job 8.
6 of 9 steps (67%) done

[Mon Jan 24 10:23:35 2022]
rule plot_results_val:
    input: runs/4167146e-6a0a-4fd9-9b73-e2b416f11974.log, /home/gandalf/angiography_data/runs/Jan24_10-23-09_gandalf-MS-7845test/plots/val
    output: runs/11be93aa-0e89-42db-9207-793353e72b6e.log
    jobid: 7
    resources: tmpdir=/tmp

[Mon Jan 24 10:23:36 2022]
Finished job 6.
7 of 9 steps (78%) done
[Mon Jan 24 10:23:37 2022]
Finished job 7.
8 of 9 steps (89%) done

[Mon Jan 24 10:23:37 2022]
localrule all:
    input: runs/6b30cad3-f30b-4cdd-b57e-5b2b2d001e28.log, runs/e3acff82-7060-44a1-91e7-7aa071e267a9.yaml, /home/gandalf/angiography_data/runs/Jan24_10-23-09_gandalf-MS-7845test/model.pt, runs/4167146e-6a0a-4fd9-9b73-e2b416f11974.log, runs/5b5e6a64-96da-48d2-8ec3-af44e159918c.log, runs/11be93aa-0e89-42db-9207-793353e72b6e.log, runs/bd67ba9f-f750-41cb-b15b-a0b31deda961.log
    jobid: 0
    resources: tmpdir=/tmp

Removing temporary output file runs/6b30cad3-f30b-4cdd-b57e-5b2b2d001e28.log.
Removing temporary output file runs/e3acff82-7060-44a1-91e7-7aa071e267a9.yaml.
Removing temporary output file runs/4167146e-6a0a-4fd9-9b73-e2b416f11974.log.
Removing temporary output file runs/5b5e6a64-96da-48d2-8ec3-af44e159918c.log.
Removing temporary output file runs/11be93aa-0e89-42db-9207-793353e72b6e.log.
Removing temporary output file runs/bd67ba9f-f750-41cb-b15b-a0b31deda961.log.
[Mon Jan 24 10:23:37 2022]
Finished job 0.
9 of 9 steps (100%) done
Complete log: /home/gandalf/mia/scripts/angiography_classifier/.snakemake/log/2022-01-24T102309.820305.snakemake.log
