Building DAG of jobs...
Using shell: /bin/bash
Provided cores: 2
Rules claiming more threads will be scaled down.
Job stats:
job                   count    min threads    max threads
------------------  -------  -------------  -------------
all                       1              1              1
copy_config               1              1              1
copy_table                1              1              1
eval_model_val_set        1              1              1
plot_results_test         1              1              1
plot_results_train        1              1              1
plot_results_val          1              1              1
split_train_val           1              1              1
train_model               1              1              1
total                     9              1              1


[Mon Jan 24 11:09:21 2022]
rule copy_table:
    input: /home/gandalf/angiography_data/runs/Jan24_11-09-21_gandalf-MS-7845test
    output: runs/fc9e93be-dc19-4e6b-83c9-47eb7b49d176.log
    jobid: 1
    resources: tmpdir=/tmp


[Mon Jan 24 11:09:21 2022]
rule copy_config:
    input: ../../configs/classification/_3D/classification_config_angio.yaml
    output: runs/e7032f7b-6194-4f05-9773-585e56f50d91.yaml
    jobid: 2
    resources: tmpdir=/tmp

[Mon Jan 24 11:09:21 2022]
Finished job 2.
1 of 9 steps (11%) done
[Mon Jan 24 11:09:22 2022]
Finished job 1.
2 of 9 steps (22%) done

[Mon Jan 24 11:09:22 2022]
rule split_train_val:
    input: runs/e7032f7b-6194-4f05-9773-585e56f50d91.yaml, /home/gandalf/angiography_data/runs/Jan24_11-09-21_gandalf-MS-7845test, runs/fc9e93be-dc19-4e6b-83c9-47eb7b49d176.log
    output: runs/1666b4cb-961e-4295-90a4-b4ab51bbe0cc.log
    jobid: 4
    resources: tmpdir=/tmp

[Mon Jan 24 11:09:23 2022]
Finished job 4.
3 of 9 steps (33%) done

[Mon Jan 24 11:09:23 2022]
rule train_model:
    input: /home/gandalf/mia/data/angio, runs/e7032f7b-6194-4f05-9773-585e56f50d91.yaml, /home/gandalf/angiography_data/runs/Jan24_11-09-21_gandalf-MS-7845test, runs/fc9e93be-dc19-4e6b-83c9-47eb7b49d176.log, runs/1666b4cb-961e-4295-90a4-b4ab51bbe0cc.log
    output: /home/gandalf/angiography_data/runs/Jan24_11-09-21_gandalf-MS-7845test/model.pt
    jobid: 3
    resources: tmpdir=/tmp

[Mon Jan 24 11:09:39 2022]
Finished job 3.
4 of 9 steps (44%) done

[Mon Jan 24 11:09:39 2022]
rule eval_model_val_set:
    input: /home/gandalf/mia/data/angio, /home/gandalf/angiography_data/runs/Jan24_11-09-21_gandalf-MS-7845test, /home/gandalf/angiography_data/runs/Jan24_11-09-21_gandalf-MS-7845test/model.pt
    output: runs/5dd2ed55-02c5-40f2-9d42-e055e08b87f6.log
    jobid: 5
    resources: tmpdir=/tmp

[Mon Jan 24 11:09:51 2022]
Finished job 5.
5 of 9 steps (56%) done

[Mon Jan 24 11:09:51 2022]
rule plot_results_test:
    input: runs/5dd2ed55-02c5-40f2-9d42-e055e08b87f6.log, /home/gandalf/angiography_data/runs/Jan24_11-09-21_gandalf-MS-7845test/plots/test
    output: runs/5766e80c-b101-464b-93d4-4b62fee3c12b.log
    jobid: 8
    resources: tmpdir=/tmp


[Mon Jan 24 11:09:51 2022]
rule plot_results_train:
    input: runs/5dd2ed55-02c5-40f2-9d42-e055e08b87f6.log, /home/gandalf/angiography_data/runs/Jan24_11-09-21_gandalf-MS-7845test/plots/train
    output: runs/30cb74ca-9e93-4961-b898-427266a1f732.log
    jobid: 6
    resources: tmpdir=/tmp

[Mon Jan 24 11:09:53 2022]
Finished job 8.
6 of 9 steps (67%) done

[Mon Jan 24 11:09:53 2022]
rule plot_results_val:
    input: runs/5dd2ed55-02c5-40f2-9d42-e055e08b87f6.log, /home/gandalf/angiography_data/runs/Jan24_11-09-21_gandalf-MS-7845test/plots/val
    output: runs/3003533e-1020-4207-bdf9-c1a93d785c23.log
    jobid: 7
    resources: tmpdir=/tmp

[Mon Jan 24 11:09:53 2022]
Finished job 6.
7 of 9 steps (78%) done
[Mon Jan 24 11:09:54 2022]
Finished job 7.
8 of 9 steps (89%) done

[Mon Jan 24 11:09:55 2022]
localrule all:
    input: runs/fc9e93be-dc19-4e6b-83c9-47eb7b49d176.log, runs/e7032f7b-6194-4f05-9773-585e56f50d91.yaml, /home/gandalf/angiography_data/runs/Jan24_11-09-21_gandalf-MS-7845test/model.pt, runs/5dd2ed55-02c5-40f2-9d42-e055e08b87f6.log, runs/30cb74ca-9e93-4961-b898-427266a1f732.log, runs/3003533e-1020-4207-bdf9-c1a93d785c23.log, runs/5766e80c-b101-464b-93d4-4b62fee3c12b.log
    jobid: 0
    resources: tmpdir=/tmp

Removing temporary output file runs/fc9e93be-dc19-4e6b-83c9-47eb7b49d176.log.
Removing temporary output file runs/e7032f7b-6194-4f05-9773-585e56f50d91.yaml.
Removing temporary output file runs/5dd2ed55-02c5-40f2-9d42-e055e08b87f6.log.
Removing temporary output file runs/30cb74ca-9e93-4961-b898-427266a1f732.log.
Removing temporary output file runs/3003533e-1020-4207-bdf9-c1a93d785c23.log.
Removing temporary output file runs/5766e80c-b101-464b-93d4-4b62fee3c12b.log.
[Mon Jan 24 11:09:55 2022]
Finished job 0.
9 of 9 steps (100%) done
Complete log: /home/gandalf/mia/scripts/angiography_classifier/.snakemake/log/2022-01-24T110921.570022.snakemake.log
