Building DAG of jobs...
Using shell: /bin/bash
Provided cores: 2
Rules claiming more threads will be scaled down.
Job stats:
job                   count    min threads    max threads
------------------  -------  -------------  -------------
all                       1              1              1
copy_config               1              1              1
copy_table                1              1              1
eval_model_val_set        1              1              1
plot_results_test         1              1              1
plot_results_train        1              1              1
plot_results_val          1              1              1
split_train_val           1              1              1
train_model               1              1              1
total                     9              1              1


[Tue Jan 18 17:49:51 2022]
rule copy_table:
    input: /home/gandalf/angiography_data/runs/Jan18_17-49-51_gandalf-MS-7845test
    output: runs/1c94c122-c274-40c0-8896-127f4826d6dd.log
    jobid: 1
    resources: tmpdir=/tmp


[Tue Jan 18 17:49:51 2022]
rule copy_config:
    input: ../../configs/classification/_3D/classification_config_angio.yaml
    output: runs/f95e8e2d-7703-4b18-b77c-f0394d6f6e58.yaml
    jobid: 2
    resources: tmpdir=/tmp

[Tue Jan 18 17:49:51 2022]
Finished job 2.
1 of 9 steps (11%) done
[Tue Jan 18 17:49:51 2022]
Finished job 1.
2 of 9 steps (22%) done

[Tue Jan 18 17:49:51 2022]
rule split_train_val:
    input: runs/f95e8e2d-7703-4b18-b77c-f0394d6f6e58.yaml, /home/gandalf/angiography_data/runs/Jan18_17-49-51_gandalf-MS-7845test, runs/1c94c122-c274-40c0-8896-127f4826d6dd.log
    output: runs/6ac7681a-aa0e-4f78-bc94-a9844449b234.log
    jobid: 4
    resources: tmpdir=/tmp

[Tue Jan 18 17:49:51 2022]
Error in rule split_train_val:
    jobid: 4
    output: runs/6ac7681a-aa0e-4f78-bc94-a9844449b234.log
    shell:
        
       python ../../split_train_val.py \
       --config runs/f95e8e2d-7703-4b18-b77c-f0394d6f6e58.yaml \
       --database mydb \
       --username gandalf \
       --password 123qweasd \
       --host localhost \
       --table_name dicom_table_Jan18_17-49-51_gandalf-MS-7845test \
       --query "SELECT * FROM ?table_name WHERE phase IS DISTINCT FROM 'test';" \
       --TestSize 0.2
       ; touch runs/6ac7681a-aa0e-4f78-bc94-a9844449b234.log
       
        (one of the commands exited with non-zero exit code; note that snakemake uses bash strict mode!)

Shutting down, this might take some time.
Exiting because a job execution failed. Look above for error message
Complete log: /home/gandalf/mia/scripts/angiography_classifier/.snakemake/log/2022-01-18T174951.753869.snakemake.log
