Building DAG of jobs...
Using shell: /bin/bash
Provided cores: 2
Rules claiming more threads will be scaled down.
Job stats:
job                   count    min threads    max threads
------------------  -------  -------------  -------------
all                       1              1              1
copy_config               1              1              1
copy_table                1              1              1
eval_model_val_set        1              1              1
plot_results_test         1              1              1
plot_results_train        1              1              1
plot_results_val          1              1              1
split_train_val           1              1              1
train_model               1              1              1
total                     9              1              1


[Thu Jan 20 17:51:24 2022]
rule copy_table:
    input: /home/gandalf/angiography_data/runs/Jan20_17-51-24_gandalf-MS-7845test
    output: runs/6d33dd39-a2a2-4d11-868d-669b56f8bd14.log
    jobid: 1
    resources: tmpdir=/tmp


[Thu Jan 20 17:51:24 2022]
rule copy_config:
    input: ../../configs/classification/_3D/classification_config_angio.yaml
    output: runs/16dc5353-3b3e-4a42-b310-0feebb17c45f.yaml
    jobid: 2
    resources: tmpdir=/tmp

[Thu Jan 20 17:51:24 2022]
Finished job 2.
1 of 9 steps (11%) done
[Thu Jan 20 17:51:24 2022]
Finished job 1.
2 of 9 steps (22%) done

[Thu Jan 20 17:51:24 2022]
rule split_train_val:
    input: runs/16dc5353-3b3e-4a42-b310-0feebb17c45f.yaml, /home/gandalf/angiography_data/runs/Jan20_17-51-24_gandalf-MS-7845test, runs/6d33dd39-a2a2-4d11-868d-669b56f8bd14.log
    output: runs/2d7e73f4-8dda-4d06-b754-2341cdbd63d8.log
    jobid: 4
    resources: tmpdir=/tmp

[Thu Jan 20 17:51:25 2022]
Finished job 4.
3 of 9 steps (33%) done

[Thu Jan 20 17:51:25 2022]
rule train_model:
    input: /home/gandalf/mia/data/angio, runs/16dc5353-3b3e-4a42-b310-0feebb17c45f.yaml, /home/gandalf/angiography_data/runs/Jan20_17-51-24_gandalf-MS-7845test, runs/6d33dd39-a2a2-4d11-868d-669b56f8bd14.log, runs/2d7e73f4-8dda-4d06-b754-2341cdbd63d8.log
    output: /home/gandalf/angiography_data/runs/Jan20_17-51-24_gandalf-MS-7845test/model.pt
    jobid: 3
    resources: tmpdir=/tmp

[Thu Jan 20 17:51:34 2022]
Finished job 3.
4 of 9 steps (44%) done

[Thu Jan 20 17:51:34 2022]
rule eval_model_val_set:
    input: /home/gandalf/mia/data/angio, /home/gandalf/angiography_data/runs/Jan20_17-51-24_gandalf-MS-7845test, /home/gandalf/angiography_data/runs/Jan20_17-51-24_gandalf-MS-7845test/model.pt
    output: runs/73d845a2-d0c2-478e-9a17-764125dbf047.log
    jobid: 5
    resources: tmpdir=/tmp

[Thu Jan 20 17:51:39 2022]
Finished job 5.
5 of 9 steps (56%) done

[Thu Jan 20 17:51:39 2022]
rule plot_results_test:
    input: runs/73d845a2-d0c2-478e-9a17-764125dbf047.log, /home/gandalf/angiography_data/runs/Jan20_17-51-24_gandalf-MS-7845test/plots/test
    output: runs/489f3f9c-de42-4eea-a0e9-0785453bad81.log
    jobid: 8
    resources: tmpdir=/tmp


[Thu Jan 20 17:51:39 2022]
rule plot_results_train:
    input: runs/73d845a2-d0c2-478e-9a17-764125dbf047.log, /home/gandalf/angiography_data/runs/Jan20_17-51-24_gandalf-MS-7845test/plots/train
    output: runs/bdbf19cc-823a-4980-bd93-43e4bd98caf0.log
    jobid: 6
    resources: tmpdir=/tmp

[Thu Jan 20 17:51:41 2022]
Finished job 8.
6 of 9 steps (67%) done

[Thu Jan 20 17:51:41 2022]
rule plot_results_val:
    input: runs/73d845a2-d0c2-478e-9a17-764125dbf047.log, /home/gandalf/angiography_data/runs/Jan20_17-51-24_gandalf-MS-7845test/plots/val
    output: runs/a8e42a20-cc28-4080-bbe7-702dbe46dd03.log
    jobid: 7
    resources: tmpdir=/tmp

[Thu Jan 20 17:51:41 2022]
Finished job 6.
7 of 9 steps (78%) done
[Thu Jan 20 17:51:42 2022]
Finished job 7.
8 of 9 steps (89%) done

[Thu Jan 20 17:51:42 2022]
localrule all:
    input: runs/6d33dd39-a2a2-4d11-868d-669b56f8bd14.log, runs/16dc5353-3b3e-4a42-b310-0feebb17c45f.yaml, /home/gandalf/angiography_data/runs/Jan20_17-51-24_gandalf-MS-7845test/model.pt, runs/73d845a2-d0c2-478e-9a17-764125dbf047.log, runs/bdbf19cc-823a-4980-bd93-43e4bd98caf0.log, runs/a8e42a20-cc28-4080-bbe7-702dbe46dd03.log, runs/489f3f9c-de42-4eea-a0e9-0785453bad81.log
    jobid: 0
    resources: tmpdir=/tmp

Removing temporary output file runs/6d33dd39-a2a2-4d11-868d-669b56f8bd14.log.
Removing temporary output file runs/16dc5353-3b3e-4a42-b310-0feebb17c45f.yaml.
Removing temporary output file runs/73d845a2-d0c2-478e-9a17-764125dbf047.log.
Removing temporary output file runs/bdbf19cc-823a-4980-bd93-43e4bd98caf0.log.
Removing temporary output file runs/a8e42a20-cc28-4080-bbe7-702dbe46dd03.log.
Removing temporary output file runs/489f3f9c-de42-4eea-a0e9-0785453bad81.log.
[Thu Jan 20 17:51:42 2022]
Finished job 0.
9 of 9 steps (100%) done
Complete log: /home/gandalf/mia/scripts/angiography_classifier/.snakemake/log/2022-01-20T175123.917192.snakemake.log
