Building DAG of jobs...
Using shell: /bin/bash
Provided cores: 2
Rules claiming more threads will be scaled down.
Job stats:
job                   count    min threads    max threads
------------------  -------  -------------  -------------
all                       1              1              1
copy_config               1              1              1
copy_table                1              1              1
eval_model_val_set        1              1              1
plot_results_test         1              1              1
plot_results_train        1              1              1
plot_results_val          1              1              1
split_train_val           1              1              1
train_model               1              1              1
total                     9              1              1


[Tue Jan 18 17:50:28 2022]
rule copy_table:
    input: /home/gandalf/angiography_data/runs/Jan18_17-50-28_gandalf-MS-7845test
    output: runs/cbf52ed5-e101-4708-b6fd-808141e51356.log
    jobid: 1
    resources: tmpdir=/tmp


[Tue Jan 18 17:50:28 2022]
rule copy_config:
    input: ../../configs/classification/_3D/classification_config_angio.yaml
    output: runs/d9d5758a-43e1-4453-babe-0b706ee5f6eb.yaml
    jobid: 2
    resources: tmpdir=/tmp

[Tue Jan 18 17:50:28 2022]
Finished job 2.
1 of 9 steps (11%) done
[Tue Jan 18 17:50:28 2022]
Finished job 1.
2 of 9 steps (22%) done

[Tue Jan 18 17:50:28 2022]
rule split_train_val:
    input: runs/d9d5758a-43e1-4453-babe-0b706ee5f6eb.yaml, /home/gandalf/angiography_data/runs/Jan18_17-50-28_gandalf-MS-7845test, runs/cbf52ed5-e101-4708-b6fd-808141e51356.log
    output: runs/da1cfa4c-3ff5-4b35-b0c4-5143d1d48ba8.log
    jobid: 4
    resources: tmpdir=/tmp

[Tue Jan 18 17:50:29 2022]
Error in rule split_train_val:
    jobid: 4
    output: runs/da1cfa4c-3ff5-4b35-b0c4-5143d1d48ba8.log
    shell:
        
       python ../../preprocessing/split_train_val.py \
       --config runs/d9d5758a-43e1-4453-babe-0b706ee5f6eb.yaml \
       --database mydb \
       --username gandalf \
       --password 123qweasd \
       --host localhost \
       --table_name dicom_table_Jan18_17-50-28_gandalf-MS-7845test \
       --query "SELECT * FROM ?table_name WHERE phase IS DISTINCT FROM 'test';" \
       --TestSize 0.2
       ; touch runs/da1cfa4c-3ff5-4b35-b0c4-5143d1d48ba8.log
       
        (one of the commands exited with non-zero exit code; note that snakemake uses bash strict mode!)

Shutting down, this might take some time.
Exiting because a job execution failed. Look above for error message
Complete log: /home/gandalf/mia/scripts/angiography_classifier/.snakemake/log/2022-01-18T175028.621475.snakemake.log
