Building DAG of jobs...
Using shell: /bin/bash
Provided cores: 2
Rules claiming more threads will be scaled down.
Job stats:
job                   count    min threads    max threads
------------------  -------  -------------  -------------
all                       1              1              1
copy_config               1              1              1
copy_table                1              1              1
eval_model_val_set        1              1              1
plot_results_test         1              1              1
plot_results_train        1              1              1
plot_results_val          1              1              1
split_train_val           1              1              1
train_model               1              1              1
total                     9              1              1


[Tue Jan 18 17:51:26 2022]
rule copy_table:
    input: /home/gandalf/angiography_data/runs/Jan18_17-51-26_gandalf-MS-7845test
    output: runs/0e318604-eb26-40eb-a628-39650a18e734.log
    jobid: 1
    resources: tmpdir=/tmp


[Tue Jan 18 17:51:26 2022]
rule copy_config:
    input: ../../configs/classification/_3D/classification_config_angio.yaml
    output: runs/2537b01a-cd75-4148-b246-d13ed0a77686.yaml
    jobid: 2
    resources: tmpdir=/tmp

[Tue Jan 18 17:51:26 2022]
Finished job 2.
1 of 9 steps (11%) done
[Tue Jan 18 17:51:26 2022]
Finished job 1.
2 of 9 steps (22%) done

[Tue Jan 18 17:51:26 2022]
rule split_train_val:
    input: runs/2537b01a-cd75-4148-b246-d13ed0a77686.yaml, /home/gandalf/angiography_data/runs/Jan18_17-51-26_gandalf-MS-7845test, runs/0e318604-eb26-40eb-a628-39650a18e734.log
    output: runs/cb602f79-ffb7-4780-89d4-8e1b9b314659.log
    jobid: 4
    resources: tmpdir=/tmp

[Tue Jan 18 17:51:27 2022]
Error in rule split_train_val:
    jobid: 4
    output: runs/cb602f79-ffb7-4780-89d4-8e1b9b314659.log
    shell:
        
       python ../../preprocessing/split_train_val.py \
       --config runs/2537b01a-cd75-4148-b246-d13ed0a77686.yaml \
       --database mydb \
       --username gandalf \
       --password 123qweasd \
       --host localhost \
       --table_name dicom_table_Jan18_17-51-26_gandalf-MS-7845test \
       --query "SELECT * FROM ?table_name WHERE phase IS DISTINCT FROM 'test';" \
       --TestSize 0.2
       ; touch runs/cb602f79-ffb7-4780-89d4-8e1b9b314659.log
       
        (one of the commands exited with non-zero exit code; note that snakemake uses bash strict mode!)

Shutting down, this might take some time.
Exiting because a job execution failed. Look above for error message
Complete log: /home/gandalf/mia/scripts/angiography_classifier/.snakemake/log/2022-01-18T175126.297510.snakemake.log
