Building DAG of jobs...
Using shell: /bin/bash
Provided cores: 2
Rules claiming more threads will be scaled down.
Job stats:
job                   count    min threads    max threads
------------------  -------  -------------  -------------
all                       1              1              1
copy_config               1              1              1
copy_table                1              1              1
eval_model_val_set        1              1              1
plot_results_test         1              1              1
plot_results_train        1              1              1
plot_results_val          1              1              1
split_train_val           1              1              1
train_model               1              1              1
total                     9              1              1


[Thu Jan 27 16:33:23 2022]
rule copy_table:
    input: /home/gandalf/angiography_data/runs/Jan27_16-33-23_gandalf-MS-7845test
    output: runs/27491ccf-35df-4f82-9e48-e797b98cb94d.log
    jobid: 1
    resources: tmpdir=/tmp


[Thu Jan 27 16:33:23 2022]
rule copy_config:
    input: ../../configs/classification/_3D/classification_config_angio.yaml
    output: runs/fc61e364-e962-4c51-9c08-6b5a3b8d66dd.yaml
    jobid: 2
    resources: tmpdir=/tmp

[Thu Jan 27 16:33:23 2022]
Finished job 2.
1 of 9 steps (11%) done
[Thu Jan 27 16:33:23 2022]
Finished job 1.
2 of 9 steps (22%) done

[Thu Jan 27 16:33:23 2022]
rule split_train_val:
    input: runs/fc61e364-e962-4c51-9c08-6b5a3b8d66dd.yaml, /home/gandalf/angiography_data/runs/Jan27_16-33-23_gandalf-MS-7845test, runs/27491ccf-35df-4f82-9e48-e797b98cb94d.log
    output: runs/c7a7af24-3a9b-48e1-b6b4-5c01a0f438ab.log
    jobid: 4
    resources: tmpdir=/tmp

[Thu Jan 27 16:33:24 2022]
Finished job 4.
3 of 9 steps (33%) done

[Thu Jan 27 16:33:24 2022]
rule train_model:
    input: /home/gandalf/mia/data/angio, runs/fc61e364-e962-4c51-9c08-6b5a3b8d66dd.yaml, /home/gandalf/angiography_data/runs/Jan27_16-33-23_gandalf-MS-7845test, runs/27491ccf-35df-4f82-9e48-e797b98cb94d.log, runs/c7a7af24-3a9b-48e1-b6b4-5c01a0f438ab.log
    output: /home/gandalf/angiography_data/runs/Jan27_16-33-23_gandalf-MS-7845test/model.pt
    jobid: 3
    resources: tmpdir=/tmp

[Thu Jan 27 16:33:40 2022]
Finished job 3.
4 of 9 steps (44%) done

[Thu Jan 27 16:33:40 2022]
rule eval_model_val_set:
    input: /home/gandalf/mia/data/angio, /home/gandalf/angiography_data/runs/Jan27_16-33-23_gandalf-MS-7845test, /home/gandalf/angiography_data/runs/Jan27_16-33-23_gandalf-MS-7845test/model.pt
    output: runs/1a6da5e9-2548-4a18-bae0-3ea1f726d5de.log
    jobid: 5
    resources: tmpdir=/tmp

[Thu Jan 27 16:33:56 2022]
Finished job 5.
5 of 9 steps (56%) done

[Thu Jan 27 16:33:56 2022]
rule plot_results_test:
    input: runs/1a6da5e9-2548-4a18-bae0-3ea1f726d5de.log, /home/gandalf/angiography_data/runs/Jan27_16-33-23_gandalf-MS-7845test/plots/test
    output: runs/f78e716c-5225-4751-af9b-591411136424.log
    jobid: 8
    resources: tmpdir=/tmp


[Thu Jan 27 16:33:56 2022]
rule plot_results_train:
    input: runs/1a6da5e9-2548-4a18-bae0-3ea1f726d5de.log, /home/gandalf/angiography_data/runs/Jan27_16-33-23_gandalf-MS-7845test/plots/train
    output: runs/3c70e600-b026-45ad-88a6-2e6b4b721bba.log
    jobid: 6
    resources: tmpdir=/tmp

[Thu Jan 27 16:33:58 2022]
Finished job 8.
6 of 9 steps (67%) done

[Thu Jan 27 16:33:58 2022]
rule plot_results_val:
    input: runs/1a6da5e9-2548-4a18-bae0-3ea1f726d5de.log, /home/gandalf/angiography_data/runs/Jan27_16-33-23_gandalf-MS-7845test/plots/val
    output: runs/3b06e9f1-e92b-4c9f-85f2-a1797e5fc698.log
    jobid: 7
    resources: tmpdir=/tmp

[Thu Jan 27 16:33:58 2022]
Finished job 6.
7 of 9 steps (78%) done
[Thu Jan 27 16:34:00 2022]
Finished job 7.
8 of 9 steps (89%) done

[Thu Jan 27 16:34:00 2022]
localrule all:
    input: runs/27491ccf-35df-4f82-9e48-e797b98cb94d.log, runs/fc61e364-e962-4c51-9c08-6b5a3b8d66dd.yaml, /home/gandalf/angiography_data/runs/Jan27_16-33-23_gandalf-MS-7845test/model.pt, runs/1a6da5e9-2548-4a18-bae0-3ea1f726d5de.log, runs/3c70e600-b026-45ad-88a6-2e6b4b721bba.log, runs/3b06e9f1-e92b-4c9f-85f2-a1797e5fc698.log, runs/f78e716c-5225-4751-af9b-591411136424.log
    jobid: 0
    resources: tmpdir=/tmp

Removing temporary output file runs/27491ccf-35df-4f82-9e48-e797b98cb94d.log.
Removing temporary output file runs/fc61e364-e962-4c51-9c08-6b5a3b8d66dd.yaml.
Removing temporary output file runs/1a6da5e9-2548-4a18-bae0-3ea1f726d5de.log.
Removing temporary output file runs/3c70e600-b026-45ad-88a6-2e6b4b721bba.log.
Removing temporary output file runs/3b06e9f1-e92b-4c9f-85f2-a1797e5fc698.log.
Removing temporary output file runs/f78e716c-5225-4751-af9b-591411136424.log.
[Thu Jan 27 16:34:00 2022]
Finished job 0.
9 of 9 steps (100%) done
Complete log: /home/gandalf/mia/scripts/angiography_classifier/.snakemake/log/2022-01-27T163323.107974.snakemake.log
