Building DAG of jobs...
Using shell: /bin/bash
Provided cores: 2
Rules claiming more threads will be scaled down.
Job stats:
job                   count    min threads    max threads
------------------  -------  -------------  -------------
all                       1              1              1
copy_config               1              1              1
copy_table                1              1              1
eval_model_val_set        1              1              1
plot_results_test         1              1              1
plot_results_train        1              1              1
plot_results_val          1              1              1
split_train_val           1              1              1
train_model               1              1              1
total                     9              1              1


[Tue Jan 18 16:05:50 2022]
rule copy_table:
    input: /home/gandalf/angiography_data/runs/Jan18_16-05-50_gandalf-MS-7845test
    output: runs/b48a1a0a-632a-4ede-89f4-9f22be3e6a7d.log
    jobid: 1
    resources: tmpdir=/tmp


[Tue Jan 18 16:05:50 2022]
rule copy_config:
    input: ../../configs/classification/_3D/classification_config_angio.yaml
    output: runs/0bf95363-1fbc-4379-8cb9-8612f359996e.yaml
    jobid: 2
    resources: tmpdir=/tmp

[Tue Jan 18 16:05:50 2022]
Finished job 2.
1 of 9 steps (11%) done
[Tue Jan 18 16:05:50 2022]
Finished job 1.
2 of 9 steps (22%) done

[Tue Jan 18 16:05:50 2022]
rule split_train_val:
    input: runs/0bf95363-1fbc-4379-8cb9-8612f359996e.yaml, /home/gandalf/angiography_data/runs/Jan18_16-05-50_gandalf-MS-7845test, runs/b48a1a0a-632a-4ede-89f4-9f22be3e6a7d.log
    output: runs/ce226ef3-28c4-4fb9-bb42-30285f7b63ef.log
    jobid: 4
    resources: tmpdir=/tmp

[Tue Jan 18 16:05:50 2022]
Error in rule split_train_val:
    jobid: 4
    output: runs/ce226ef3-28c4-4fb9-bb42-30285f7b63ef.log
    shell:
        
       python ../../split_train_val.py \
       --config runs/0bf95363-1fbc-4379-8cb9-8612f359996e.yaml \
       --database mydb \
       --username gandalf \
       --password 123qweasd \
       --host localhost \
       --table_name dicom_table_Jan18_16-05-50_gandalf-MS-7845test \
       --query "SELECT * FROM ?table_name WHERE phase IS DISTINCT FROM 'test';" \
       --TestSize 0.2
       ; touch runs/ce226ef3-28c4-4fb9-bb42-30285f7b63ef.log
       
        (one of the commands exited with non-zero exit code; note that snakemake uses bash strict mode!)

Shutting down, this might take some time.
Exiting because a job execution failed. Look above for error message
Complete log: /home/gandalf/MIA/scripts/angiography_classifier/.snakemake/log/2022-01-18T160550.184980.snakemake.log
