Building DAG of jobs...
Using shell: /bin/bash
Provided cores: 2
Rules claiming more threads will be scaled down.
Job stats:
job                   count    min threads    max threads
------------------  -------  -------------  -------------
all                       1              1              1
copy_config               1              1              1
copy_table                1              1              1
eval_model_val_set        1              1              1
plot_results_test         1              1              1
plot_results_train        1              1              1
plot_results_val          1              1              1
split_train_val           1              1              1
train_model               1              1              1
total                     9              1              1


[Tue Jan 18 18:01:11 2022]
rule copy_table:
    input: /home/gandalf/angiography_data/runs/Jan18_18-01-11_gandalf-MS-7845test
    output: runs/f64a254b-5ba6-4cdf-999e-8f7e63c5a82b.log
    jobid: 1
    resources: tmpdir=/tmp


[Tue Jan 18 18:01:11 2022]
rule copy_config:
    input: ../../configs/classification/_3D/classification_config_angio.yaml
    output: runs/6f253439-e9fc-4dfa-9cd7-5d0c4572a100.yaml
    jobid: 2
    resources: tmpdir=/tmp

[Tue Jan 18 18:01:11 2022]
Finished job 2.
1 of 9 steps (11%) done
[Tue Jan 18 18:01:11 2022]
Finished job 1.
2 of 9 steps (22%) done

[Tue Jan 18 18:01:11 2022]
rule split_train_val:
    input: runs/6f253439-e9fc-4dfa-9cd7-5d0c4572a100.yaml, /home/gandalf/angiography_data/runs/Jan18_18-01-11_gandalf-MS-7845test, runs/f64a254b-5ba6-4cdf-999e-8f7e63c5a82b.log
    output: runs/e0e0f031-4d64-44bb-81f8-70a6d77f6e21.log
    jobid: 4
    resources: tmpdir=/tmp

[Tue Jan 18 18:01:12 2022]
Finished job 4.
3 of 9 steps (33%) done

[Tue Jan 18 18:01:12 2022]
rule train_model:
    input: /home/gandalf/mia/data/angio, runs/6f253439-e9fc-4dfa-9cd7-5d0c4572a100.yaml, /home/gandalf/angiography_data/runs/Jan18_18-01-11_gandalf-MS-7845test, runs/f64a254b-5ba6-4cdf-999e-8f7e63c5a82b.log, runs/e0e0f031-4d64-44bb-81f8-70a6d77f6e21.log
    output: /home/gandalf/angiography_data/runs/Jan18_18-01-11_gandalf-MS-7845test/model.pt
    jobid: 3
    resources: tmpdir=/tmp

[Tue Jan 18 18:01:22 2022]
Finished job 3.
4 of 9 steps (44%) done

[Tue Jan 18 18:01:22 2022]
rule eval_model_val_set:
    input: /home/gandalf/mia/data/angio, /home/gandalf/angiography_data/runs/Jan18_18-01-11_gandalf-MS-7845test, /home/gandalf/angiography_data/runs/Jan18_18-01-11_gandalf-MS-7845test/model.pt
    output: runs/fd956fa6-9daf-482d-a533-abf5c454ed60.log
    jobid: 5
    resources: tmpdir=/tmp

[Tue Jan 18 18:01:30 2022]
Finished job 5.
5 of 9 steps (56%) done

[Tue Jan 18 18:01:30 2022]
rule plot_results_train:
    input: runs/fd956fa6-9daf-482d-a533-abf5c454ed60.log, /home/gandalf/angiography_data/runs/Jan18_18-01-11_gandalf-MS-7845test/plots/train
    output: runs/72a2b86f-32f8-4fe2-abd5-4559b9fb99e5.log
    jobid: 6
    resources: tmpdir=/tmp


[Tue Jan 18 18:01:30 2022]
rule plot_results_val:
    input: runs/fd956fa6-9daf-482d-a533-abf5c454ed60.log, /home/gandalf/angiography_data/runs/Jan18_18-01-11_gandalf-MS-7845test/plots/val
    output: runs/f157972f-17dd-4a27-b6ac-4bcd88d783cc.log
    jobid: 7
    resources: tmpdir=/tmp

[Tue Jan 18 18:01:31 2022]
Finished job 7.
6 of 9 steps (67%) done
[Tue Jan 18 18:01:31 2022]
Finished job 6.
7 of 9 steps (78%) done

[Tue Jan 18 18:01:31 2022]
rule plot_results_test:
    input: runs/fd956fa6-9daf-482d-a533-abf5c454ed60.log, /home/gandalf/angiography_data/runs/Jan18_18-01-11_gandalf-MS-7845test/plots/test
    output: runs/fa62ee1c-3825-4c4f-b4a2-9ee420974a9f.log
    jobid: 8
    resources: tmpdir=/tmp

[Tue Jan 18 18:01:33 2022]
Finished job 8.
8 of 9 steps (89%) done

[Tue Jan 18 18:01:33 2022]
localrule all:
    input: runs/f64a254b-5ba6-4cdf-999e-8f7e63c5a82b.log, runs/6f253439-e9fc-4dfa-9cd7-5d0c4572a100.yaml, /home/gandalf/angiography_data/runs/Jan18_18-01-11_gandalf-MS-7845test/model.pt, runs/fd956fa6-9daf-482d-a533-abf5c454ed60.log, runs/72a2b86f-32f8-4fe2-abd5-4559b9fb99e5.log, runs/f157972f-17dd-4a27-b6ac-4bcd88d783cc.log, runs/fa62ee1c-3825-4c4f-b4a2-9ee420974a9f.log
    jobid: 0
    resources: tmpdir=/tmp

Removing temporary output file runs/f64a254b-5ba6-4cdf-999e-8f7e63c5a82b.log.
Removing temporary output file runs/6f253439-e9fc-4dfa-9cd7-5d0c4572a100.yaml.
Removing temporary output file runs/fd956fa6-9daf-482d-a533-abf5c454ed60.log.
Removing temporary output file runs/72a2b86f-32f8-4fe2-abd5-4559b9fb99e5.log.
Removing temporary output file runs/f157972f-17dd-4a27-b6ac-4bcd88d783cc.log.
Removing temporary output file runs/fa62ee1c-3825-4c4f-b4a2-9ee420974a9f.log.
[Tue Jan 18 18:01:33 2022]
Finished job 0.
9 of 9 steps (100%) done
Complete log: /home/gandalf/mia/scripts/angiography_classifier/.snakemake/log/2022-01-18T180111.138654.snakemake.log
