Building DAG of jobs...
Using shell: /bin/bash
Provided cores: 2
Rules claiming more threads will be scaled down.
Job stats:
job                   count    min threads    max threads
------------------  -------  -------------  -------------
all                       1              1              1
copy_config               1              1              1
copy_table                1              1              1
eval_model_val_set        1              1              1
plot_results_test         1              1              1
plot_results_train        1              1              1
plot_results_val          1              1              1
split_train_val           1              1              1
train_model               1              1              1
total                     9              1              1


[Tue Jan 18 15:20:07 2022]
rule copy_table:
    input: /home/gandalf/angiography_data/runs/Jan18_15-20-07_gandalf-MS-7845test
    output: runs/2f736f79-a84b-453b-b336-bb7f2e264847.log
    jobid: 1
    resources: tmpdir=/tmp


[Tue Jan 18 15:20:07 2022]
rule copy_config:
    input: ../../configs/classification/_3D/classification_config_angio.yaml
    output: runs/d9a1e16b-a309-4a07-8ed2-c3e23f0f37d8.yaml
    jobid: 2
    resources: tmpdir=/tmp

[Tue Jan 18 15:20:07 2022]
Finished job 2.
1 of 9 steps (11%) done
[Tue Jan 18 15:20:08 2022]
Finished job 1.
2 of 9 steps (22%) done

[Tue Jan 18 15:20:08 2022]
rule split_train_val:
    input: runs/d9a1e16b-a309-4a07-8ed2-c3e23f0f37d8.yaml, /home/gandalf/angiography_data/runs/Jan18_15-20-07_gandalf-MS-7845test, runs/2f736f79-a84b-453b-b336-bb7f2e264847.log
    output: runs/fd363538-7f31-4506-a6d1-1e96a44e6afc.log
    jobid: 4
    resources: tmpdir=/tmp

[Tue Jan 18 15:20:08 2022]
Error in rule split_train_val:
    jobid: 4
    output: runs/fd363538-7f31-4506-a6d1-1e96a44e6afc.log
    shell:
        
       python ../../preprocessing/split_train_val.py \
       --config runs/d9a1e16b-a309-4a07-8ed2-c3e23f0f37d8.yaml \
       --database mydb \
       --username gandalf \
       --password 123qweasd \
       --host localhost \
       --table_name dicom_table_Jan18_15-20-07_gandalf-MS-7845test \
       --query "SELECT * FROM ?table_name WHERE phase IS DISTINCT FROM 'test';" \
       --TestSize 0.2
       ; touch runs/fd363538-7f31-4506-a6d1-1e96a44e6afc.log
       
        (one of the commands exited with non-zero exit code; note that snakemake uses bash strict mode!)

Shutting down, this might take some time.
Exiting because a job execution failed. Look above for error message
Complete log: /home/gandalf/MIA/scripts/angiography_classifier/.snakemake/log/2022-01-18T152007.771075.snakemake.log
