Building DAG of jobs...
Using shell: /bin/bash
Provided cores: 2
Rules claiming more threads will be scaled down.
Job stats:
job                   count    min threads    max threads
------------------  -------  -------------  -------------
all                       1              1              1
copy_config               1              1              1
copy_table                1              1              1
eval_model_val_set        1              1              1
plot_results_test         1              1              1
plot_results_train        1              1              1
plot_results_val          1              1              1
split_train_val           1              1              1
train_model               1              1              1
total                     9              1              1


[Mon Jan 24 16:23:54 2022]
rule copy_table:
    input: /home/gandalf/angiography_data/runs/Jan24_16-23-54_gandalf-MS-7845test
    output: runs/c21d6d18-d874-4deb-9fde-f30eb2ca8d27.log
    jobid: 1
    resources: tmpdir=/tmp


[Mon Jan 24 16:23:54 2022]
rule copy_config:
    input: ../../configs/classification/_3D/classification_config_angio.yaml
    output: runs/2c0fc8ff-ace9-4ac5-ab61-4474c191736e.yaml
    jobid: 2
    resources: tmpdir=/tmp

[Mon Jan 24 16:23:54 2022]
Finished job 2.
1 of 9 steps (11%) done
[Mon Jan 24 16:23:54 2022]
Finished job 1.
2 of 9 steps (22%) done

[Mon Jan 24 16:23:54 2022]
rule split_train_val:
    input: runs/2c0fc8ff-ace9-4ac5-ab61-4474c191736e.yaml, /home/gandalf/angiography_data/runs/Jan24_16-23-54_gandalf-MS-7845test, runs/c21d6d18-d874-4deb-9fde-f30eb2ca8d27.log
    output: runs/e668f7d9-b4fc-4915-9eb0-ed348343fadd.log
    jobid: 4
    resources: tmpdir=/tmp

[Mon Jan 24 16:23:55 2022]
Finished job 4.
3 of 9 steps (33%) done

[Mon Jan 24 16:23:55 2022]
rule train_model:
    input: /home/gandalf/mia/data/angio, runs/2c0fc8ff-ace9-4ac5-ab61-4474c191736e.yaml, /home/gandalf/angiography_data/runs/Jan24_16-23-54_gandalf-MS-7845test, runs/c21d6d18-d874-4deb-9fde-f30eb2ca8d27.log, runs/e668f7d9-b4fc-4915-9eb0-ed348343fadd.log
    output: /home/gandalf/angiography_data/runs/Jan24_16-23-54_gandalf-MS-7845test/model.pt
    jobid: 3
    resources: tmpdir=/tmp

[Mon Jan 24 16:24:11 2022]
Finished job 3.
4 of 9 steps (44%) done

[Mon Jan 24 16:24:11 2022]
rule eval_model_val_set:
    input: /home/gandalf/mia/data/angio, /home/gandalf/angiography_data/runs/Jan24_16-23-54_gandalf-MS-7845test, /home/gandalf/angiography_data/runs/Jan24_16-23-54_gandalf-MS-7845test/model.pt
    output: runs/2545f7d6-7c89-47b9-9deb-f76c695f5c12.log
    jobid: 5
    resources: tmpdir=/tmp

[Mon Jan 24 16:24:28 2022]
Finished job 5.
5 of 9 steps (56%) done

[Mon Jan 24 16:24:28 2022]
rule plot_results_test:
    input: runs/2545f7d6-7c89-47b9-9deb-f76c695f5c12.log, /home/gandalf/angiography_data/runs/Jan24_16-23-54_gandalf-MS-7845test/plots/test
    output: runs/7540a2e6-14e1-4269-aeec-ee6c2fa9c0c1.log
    jobid: 8
    resources: tmpdir=/tmp


[Mon Jan 24 16:24:28 2022]
rule plot_results_train:
    input: runs/2545f7d6-7c89-47b9-9deb-f76c695f5c12.log, /home/gandalf/angiography_data/runs/Jan24_16-23-54_gandalf-MS-7845test/plots/train
    output: runs/8c6a7e84-150a-4178-9766-136b5dd1e552.log
    jobid: 6
    resources: tmpdir=/tmp

[Mon Jan 24 16:24:30 2022]
Finished job 8.
6 of 9 steps (67%) done

[Mon Jan 24 16:24:30 2022]
rule plot_results_val:
    input: runs/2545f7d6-7c89-47b9-9deb-f76c695f5c12.log, /home/gandalf/angiography_data/runs/Jan24_16-23-54_gandalf-MS-7845test/plots/val
    output: runs/690b0b7d-e410-41f2-9f8f-1fef5cab089d.log
    jobid: 7
    resources: tmpdir=/tmp

[Mon Jan 24 16:24:31 2022]
Finished job 6.
7 of 9 steps (78%) done
[Mon Jan 24 16:24:32 2022]
Finished job 7.
8 of 9 steps (89%) done

[Mon Jan 24 16:24:32 2022]
localrule all:
    input: runs/c21d6d18-d874-4deb-9fde-f30eb2ca8d27.log, runs/2c0fc8ff-ace9-4ac5-ab61-4474c191736e.yaml, /home/gandalf/angiography_data/runs/Jan24_16-23-54_gandalf-MS-7845test/model.pt, runs/2545f7d6-7c89-47b9-9deb-f76c695f5c12.log, runs/8c6a7e84-150a-4178-9766-136b5dd1e552.log, runs/690b0b7d-e410-41f2-9f8f-1fef5cab089d.log, runs/7540a2e6-14e1-4269-aeec-ee6c2fa9c0c1.log
    jobid: 0
    resources: tmpdir=/tmp

Removing temporary output file runs/c21d6d18-d874-4deb-9fde-f30eb2ca8d27.log.
Removing temporary output file runs/2c0fc8ff-ace9-4ac5-ab61-4474c191736e.yaml.
Removing temporary output file runs/2545f7d6-7c89-47b9-9deb-f76c695f5c12.log.
Removing temporary output file runs/8c6a7e84-150a-4178-9766-136b5dd1e552.log.
Removing temporary output file runs/690b0b7d-e410-41f2-9f8f-1fef5cab089d.log.
Removing temporary output file runs/7540a2e6-14e1-4269-aeec-ee6c2fa9c0c1.log.
[Mon Jan 24 16:24:32 2022]
Finished job 0.
9 of 9 steps (100%) done
Complete log: /home/gandalf/mia/scripts/angiography_classifier/.snakemake/log/2022-01-24T162354.041389.snakemake.log
