Building DAG of jobs...
Using shell: /bin/bash
Provided cores: 2
Rules claiming more threads will be scaled down.
Job stats:
job                   count    min threads    max threads
------------------  -------  -------------  -------------
all                       1              1              1
copy_config               1              1              1
copy_table                1              1              1
eval_model_val_set        1              1              1
plot_results_test         1              1              1
plot_results_train        1              1              1
plot_results_val          1              1              1
split_train_val           1              1              1
train_model               1              1              1
total                     9              1              1


[Mon Jan 24 12:51:14 2022]
rule copy_table:
    input: /home/gandalf/angiography_data/runs/Jan24_12-51-14_gandalf-MS-7845test
    output: runs/43947a76-2cfe-4e65-b085-d9ab8f097c5d.log
    jobid: 1
    resources: tmpdir=/tmp


[Mon Jan 24 12:51:14 2022]
rule copy_config:
    input: ../../configs/classification/_3D/classification_config_angio.yaml
    output: runs/4a627dc3-d050-4915-8608-a2466b0ea199.yaml
    jobid: 2
    resources: tmpdir=/tmp

[Mon Jan 24 12:51:14 2022]
Finished job 2.
1 of 9 steps (11%) done
[Mon Jan 24 12:51:14 2022]
Finished job 1.
2 of 9 steps (22%) done

[Mon Jan 24 12:51:14 2022]
rule split_train_val:
    input: runs/4a627dc3-d050-4915-8608-a2466b0ea199.yaml, /home/gandalf/angiography_data/runs/Jan24_12-51-14_gandalf-MS-7845test, runs/43947a76-2cfe-4e65-b085-d9ab8f097c5d.log
    output: runs/047b6bce-7552-415a-9535-ce93bc1a292c.log
    jobid: 4
    resources: tmpdir=/tmp

[Mon Jan 24 12:51:15 2022]
Finished job 4.
3 of 9 steps (33%) done

[Mon Jan 24 12:51:15 2022]
rule train_model:
    input: /home/gandalf/mia/data/angio, runs/4a627dc3-d050-4915-8608-a2466b0ea199.yaml, /home/gandalf/angiography_data/runs/Jan24_12-51-14_gandalf-MS-7845test, runs/43947a76-2cfe-4e65-b085-d9ab8f097c5d.log, runs/047b6bce-7552-415a-9535-ce93bc1a292c.log
    output: /home/gandalf/angiography_data/runs/Jan24_12-51-14_gandalf-MS-7845test/model.pt
    jobid: 3
    resources: tmpdir=/tmp

[Mon Jan 24 12:51:26 2022]
Finished job 3.
4 of 9 steps (44%) done

[Mon Jan 24 12:51:26 2022]
rule eval_model_val_set:
    input: /home/gandalf/mia/data/angio, /home/gandalf/angiography_data/runs/Jan24_12-51-14_gandalf-MS-7845test, /home/gandalf/angiography_data/runs/Jan24_12-51-14_gandalf-MS-7845test/model.pt
    output: runs/8688b941-10e3-419b-9d21-e71b331cc6cd.log
    jobid: 5
    resources: tmpdir=/tmp

[Mon Jan 24 12:51:37 2022]
Finished job 5.
5 of 9 steps (56%) done

[Mon Jan 24 12:51:37 2022]
rule plot_results_test:
    input: runs/8688b941-10e3-419b-9d21-e71b331cc6cd.log, /home/gandalf/angiography_data/runs/Jan24_12-51-14_gandalf-MS-7845test/plots/test
    output: runs/badc4d27-ea54-4a70-aee1-4b03a63c1b2e.log
    jobid: 8
    resources: tmpdir=/tmp


[Mon Jan 24 12:51:37 2022]
rule plot_results_train:
    input: runs/8688b941-10e3-419b-9d21-e71b331cc6cd.log, /home/gandalf/angiography_data/runs/Jan24_12-51-14_gandalf-MS-7845test/plots/train
    output: runs/04bdb725-cbf6-406f-835b-105c07ae4604.log
    jobid: 6
    resources: tmpdir=/tmp

[Mon Jan 24 12:51:39 2022]
Finished job 8.
6 of 9 steps (67%) done

[Mon Jan 24 12:51:39 2022]
rule plot_results_val:
    input: runs/8688b941-10e3-419b-9d21-e71b331cc6cd.log, /home/gandalf/angiography_data/runs/Jan24_12-51-14_gandalf-MS-7845test/plots/val
    output: runs/377a9053-9709-498f-ae37-eb53da2eb7dc.log
    jobid: 7
    resources: tmpdir=/tmp

[Mon Jan 24 12:51:40 2022]
Finished job 6.
7 of 9 steps (78%) done
[Mon Jan 24 12:51:41 2022]
Finished job 7.
8 of 9 steps (89%) done

[Mon Jan 24 12:51:41 2022]
localrule all:
    input: runs/43947a76-2cfe-4e65-b085-d9ab8f097c5d.log, runs/4a627dc3-d050-4915-8608-a2466b0ea199.yaml, /home/gandalf/angiography_data/runs/Jan24_12-51-14_gandalf-MS-7845test/model.pt, runs/8688b941-10e3-419b-9d21-e71b331cc6cd.log, runs/04bdb725-cbf6-406f-835b-105c07ae4604.log, runs/377a9053-9709-498f-ae37-eb53da2eb7dc.log, runs/badc4d27-ea54-4a70-aee1-4b03a63c1b2e.log
    jobid: 0
    resources: tmpdir=/tmp

Removing temporary output file runs/43947a76-2cfe-4e65-b085-d9ab8f097c5d.log.
Removing temporary output file runs/4a627dc3-d050-4915-8608-a2466b0ea199.yaml.
Removing temporary output file runs/8688b941-10e3-419b-9d21-e71b331cc6cd.log.
Removing temporary output file runs/04bdb725-cbf6-406f-835b-105c07ae4604.log.
Removing temporary output file runs/377a9053-9709-498f-ae37-eb53da2eb7dc.log.
Removing temporary output file runs/badc4d27-ea54-4a70-aee1-4b03a63c1b2e.log.
[Mon Jan 24 12:51:41 2022]
Finished job 0.
9 of 9 steps (100%) done
Complete log: /home/gandalf/mia/scripts/angiography_classifier/.snakemake/log/2022-01-24T125114.070721.snakemake.log
