Building DAG of jobs...
Using shell: /bin/bash
Provided cores: 2
Rules claiming more threads will be scaled down.
Job stats:
job                   count    min threads    max threads
------------------  -------  -------------  -------------
all                       1              1              1
copy_config               1              1              1
copy_table                1              1              1
eval_model_val_set        1              1              1
plot_results_test         1              1              1
plot_results_train        1              1              1
plot_results_val          1              1              1
split_train_val           1              1              1
train_model               1              1              1
total                     9              1              1


[Thu Jan 20 18:15:50 2022]
rule copy_table:
    input: /home/gandalf/angiography_data/runs/Jan20_18-15-50_gandalf-MS-7845test
    output: runs/2b4b8f34-68d0-47e3-8ee3-d3db53d97423.log
    jobid: 1
    resources: tmpdir=/tmp


[Thu Jan 20 18:15:50 2022]
rule copy_config:
    input: ../../configs/classification/_3D/classification_config_angio.yaml
    output: runs/ba719e0d-0ba2-48ec-b006-4f9b8fe09bcd.yaml
    jobid: 2
    resources: tmpdir=/tmp

[Thu Jan 20 18:15:50 2022]
Finished job 2.
1 of 9 steps (11%) done
[Thu Jan 20 18:15:50 2022]
Finished job 1.
2 of 9 steps (22%) done

[Thu Jan 20 18:15:50 2022]
rule split_train_val:
    input: runs/ba719e0d-0ba2-48ec-b006-4f9b8fe09bcd.yaml, /home/gandalf/angiography_data/runs/Jan20_18-15-50_gandalf-MS-7845test, runs/2b4b8f34-68d0-47e3-8ee3-d3db53d97423.log
    output: runs/af059b84-5597-496b-a335-4e496a5b0365.log
    jobid: 4
    resources: tmpdir=/tmp

[Thu Jan 20 18:15:51 2022]
Finished job 4.
3 of 9 steps (33%) done

[Thu Jan 20 18:15:51 2022]
rule train_model:
    input: /home/gandalf/mia/data/angio, runs/ba719e0d-0ba2-48ec-b006-4f9b8fe09bcd.yaml, /home/gandalf/angiography_data/runs/Jan20_18-15-50_gandalf-MS-7845test, runs/2b4b8f34-68d0-47e3-8ee3-d3db53d97423.log, runs/af059b84-5597-496b-a335-4e496a5b0365.log
    output: /home/gandalf/angiography_data/runs/Jan20_18-15-50_gandalf-MS-7845test/model.pt
    jobid: 3
    resources: tmpdir=/tmp

[Thu Jan 20 18:16:01 2022]
Finished job 3.
4 of 9 steps (44%) done

[Thu Jan 20 18:16:01 2022]
rule eval_model_val_set:
    input: /home/gandalf/mia/data/angio, /home/gandalf/angiography_data/runs/Jan20_18-15-50_gandalf-MS-7845test, /home/gandalf/angiography_data/runs/Jan20_18-15-50_gandalf-MS-7845test/model.pt
    output: runs/72195056-2c90-4e62-9a1d-0bf4df9bdc57.log
    jobid: 5
    resources: tmpdir=/tmp

[Thu Jan 20 18:16:10 2022]
Finished job 5.
5 of 9 steps (56%) done

[Thu Jan 20 18:16:10 2022]
rule plot_results_test:
    input: runs/72195056-2c90-4e62-9a1d-0bf4df9bdc57.log, /home/gandalf/angiography_data/runs/Jan20_18-15-50_gandalf-MS-7845test/plots/test
    output: runs/d4b76201-920c-4647-95aa-00b6a337ba64.log
    jobid: 8
    resources: tmpdir=/tmp


[Thu Jan 20 18:16:10 2022]
rule plot_results_train:
    input: runs/72195056-2c90-4e62-9a1d-0bf4df9bdc57.log, /home/gandalf/angiography_data/runs/Jan20_18-15-50_gandalf-MS-7845test/plots/train
    output: runs/f0169b04-887f-47b8-9197-0943d492fdbb.log
    jobid: 6
    resources: tmpdir=/tmp

[Thu Jan 20 18:16:12 2022]
Finished job 8.
6 of 9 steps (67%) done

[Thu Jan 20 18:16:12 2022]
rule plot_results_val:
    input: runs/72195056-2c90-4e62-9a1d-0bf4df9bdc57.log, /home/gandalf/angiography_data/runs/Jan20_18-15-50_gandalf-MS-7845test/plots/val
    output: runs/38a1b052-3d1a-4b03-b3ec-191b36e75d45.log
    jobid: 7
    resources: tmpdir=/tmp

[Thu Jan 20 18:16:13 2022]
Finished job 6.
7 of 9 steps (78%) done
[Thu Jan 20 18:16:14 2022]
Finished job 7.
8 of 9 steps (89%) done

[Thu Jan 20 18:16:14 2022]
localrule all:
    input: runs/2b4b8f34-68d0-47e3-8ee3-d3db53d97423.log, runs/ba719e0d-0ba2-48ec-b006-4f9b8fe09bcd.yaml, /home/gandalf/angiography_data/runs/Jan20_18-15-50_gandalf-MS-7845test/model.pt, runs/72195056-2c90-4e62-9a1d-0bf4df9bdc57.log, runs/f0169b04-887f-47b8-9197-0943d492fdbb.log, runs/38a1b052-3d1a-4b03-b3ec-191b36e75d45.log, runs/d4b76201-920c-4647-95aa-00b6a337ba64.log
    jobid: 0
    resources: tmpdir=/tmp

Removing temporary output file runs/2b4b8f34-68d0-47e3-8ee3-d3db53d97423.log.
Removing temporary output file runs/ba719e0d-0ba2-48ec-b006-4f9b8fe09bcd.yaml.
Removing temporary output file runs/72195056-2c90-4e62-9a1d-0bf4df9bdc57.log.
Removing temporary output file runs/f0169b04-887f-47b8-9197-0943d492fdbb.log.
Removing temporary output file runs/38a1b052-3d1a-4b03-b3ec-191b36e75d45.log.
Removing temporary output file runs/d4b76201-920c-4647-95aa-00b6a337ba64.log.
[Thu Jan 20 18:16:14 2022]
Finished job 0.
9 of 9 steps (100%) done
Complete log: /home/gandalf/mia/scripts/angiography_classifier/.snakemake/log/2022-01-20T181550.256696.snakemake.log
